<?xml version="1.0" ?>
<coverage version="7.13.1" timestamp="1767938135813" lines-valid="9591" lines-covered="330" line-rate="0.03441" branches-valid="3428" branches-covered="62" branch-rate="0.01809" complexity="0">
	<!-- Generated by coverage.py: https://coverage.readthedocs.io/en/7.13.1 -->
	<!-- Based on https://raw.githubusercontent.com/cobertura/web/master/htdocs/xml/coverage-04.dtd -->
	<sources>
		<source>/home/runner/work/voicemode/voicemode/voice_mode</source>
	</sources>
	<packages>
		<package name="." line-rate="0.107" branch-rate="0.06366" complexity="0">
			<classes>
				<class name="__init__.py" filename="__init__.py" complexity="0" line-rate="1" branch-rate="1">
					<methods/>
					<lines>
						<line number="10" hits="1"/>
					</lines>
				</class>
				<class name="__main__.py" filename="__main__.py" complexity="0" line-rate="0" branch-rate="1">
					<methods/>
					<lines>
						<line number="5" hits="0"/>
					</lines>
				</class>
				<class name="__version__.py" filename="__version__.py" complexity="0" line-rate="1" branch-rate="1">
					<methods/>
					<lines>
						<line number="3" hits="1"/>
					</lines>
				</class>
				<class name="audio_player.py" filename="audio_player.py" complexity="0" line-rate="0" branch-rate="0">
					<methods/>
					<lines>
						<line number="7" hits="0"/>
						<line number="8" hits="0"/>
						<line number="9" hits="0"/>
						<line number="10" hits="0"/>
						<line number="12" hits="0"/>
						<line number="13" hits="0"/>
						<line number="15" hits="0"/>
						<line number="18" hits="0"/>
						<line number="32" hits="0"/>
						<line number="38" hits="0"/>
						<line number="39" hits="0"/>
						<line number="40" hits="0"/>
						<line number="41" hits="0"/>
						<line number="42" hits="0"/>
						<line number="44" hits="0"/>
						<line number="53" hits="0" branch="true" condition-coverage="0% (0/2)" missing-branches="54,56"/>
						<line number="54" hits="0"/>
						<line number="56" hits="0"/>
						<line number="58" hits="0"/>
						<line number="61" hits="0" branch="true" condition-coverage="0% (0/2)" missing-branches="62,67"/>
						<line number="62" hits="0"/>
						<line number="63" hits="0"/>
						<line number="64" hits="0"/>
						<line number="67" hits="0"/>
						<line number="68" hits="0" branch="true" condition-coverage="0% (0/2)" missing-branches="70,82"/>
						<line number="70" hits="0" branch="true" condition-coverage="0% (0/2)" missing-branches="72,76"/>
						<line number="72" hits="0"/>
						<line number="73" hits="0"/>
						<line number="76" hits="0"/>
						<line number="77" hits="0"/>
						<line number="79" hits="0"/>
						<line number="80" hits="0"/>
						<line number="82" hits="0" branch="true" condition-coverage="0% (0/2)" missing-branches="84,87"/>
						<line number="84" hits="0"/>
						<line number="87" hits="0"/>
						<line number="89" hits="0"/>
						<line number="91" hits="0"/>
						<line number="92" hits="0"/>
						<line number="94" hits="0"/>
						<line number="106" hits="0"/>
						<line number="107" hits="0"/>
						<line number="110" hits="0" branch="true" condition-coverage="0% (0/2)" missing-branches="111,114"/>
						<line number="111" hits="0"/>
						<line number="114" hits="0" branch="true" condition-coverage="0% (0/2)" missing-branches="115,117"/>
						<line number="115" hits="0"/>
						<line number="117" hits="0"/>
						<line number="120" hits="0"/>
						<line number="123" hits="0" branch="true" condition-coverage="0% (0/2)" missing-branches="124,128"/>
						<line number="124" hits="0"/>
						<line number="125" hits="0"/>
						<line number="128" hits="0"/>
						<line number="131" hits="0"/>
						<line number="132" hits="0"/>
						<line number="139" hits="0"/>
						<line number="141" hits="0" branch="true" condition-coverage="0% (0/2)" missing-branches="exit,142"/>
						<line number="142" hits="0"/>
						<line number="144" hits="0"/>
						<line number="145" hits="0"/>
						<line number="146" hits="0"/>
						<line number="147" hits="0"/>
						<line number="149" hits="0"/>
						<line number="159" hits="0" branch="true" condition-coverage="0% (0/2)" missing-branches="160,163"/>
						<line number="160" hits="0"/>
						<line number="163" hits="0" branch="true" condition-coverage="0% (0/2)" missing-branches="164,169"/>
						<line number="164" hits="0"/>
						<line number="165" hits="0"/>
						<line number="166" hits="0"/>
						<line number="169" hits="0" branch="true" condition-coverage="0% (0/2)" missing-branches="exit,170"/>
						<line number="170" hits="0"/>
						<line number="172" hits="0"/>
						<line number="174" hits="0"/>
						<line number="175" hits="0" branch="true" condition-coverage="0% (0/2)" missing-branches="176,181"/>
						<line number="176" hits="0"/>
						<line number="177" hits="0"/>
						<line number="178" hits="0"/>
						<line number="181" hits="0" branch="true" condition-coverage="0% (0/2)" missing-branches="exit,182"/>
						<line number="182" hits="0" branch="true" condition-coverage="0% (0/2)" missing-branches="exit,183"/>
						<line number="183" hits="0"/>
						<line number="184" hits="0"/>
						<line number="185" hits="0"/>
						<line number="186" hits="0"/>
					</lines>
				</class>
				<class name="cli.py" filename="cli.py" complexity="0" line-rate="0" branch-rate="0">
					<methods/>
					<lines>
						<line number="4" hits="0"/>
						<line number="5" hits="0"/>
						<line number="6" hits="0"/>
						<line number="7" hits="0"/>
						<line number="8" hits="0"/>
						<line number="9" hits="0"/>
						<line number="10" hits="0"/>
						<line number="13" hits="0"/>
						<line number="14" hits="0"/>
						<line number="19" hits="0"/>
						<line number="29" hits="0" branch="true" condition-coverage="0% (0/2)" missing-branches="31,44"/>
						<line number="31" hits="0"/>
						<line number="33" hits="0"/>
						<line number="35" hits="0"/>
						<line number="38" hits="0"/>
						<line number="39" hits="0"/>
						<line number="40" hits="0"/>
						<line number="44" hits="0"/>
						<line number="45" hits="0"/>
						<line number="46" hits="0"/>
						<line number="47" hits="0"/>
						<line number="48" hits="0"/>
						<line number="49" hits="0"/>
						<line number="50" hits="0"/>
						<line number="51" hits="0"/>
						<line number="57" hits="0" branch="true" condition-coverage="0% (0/2)" missing-branches="59,66"/>
						<line number="59" hits="0"/>
						<line number="60" hits="0"/>
						<line number="62" hits="0"/>
						<line number="63" hits="0"/>
						<line number="66" hits="0" branch="true" condition-coverage="0% (0/2)" missing-branches="67,68"/>
						<line number="67" hits="0"/>
						<line number="68" hits="0" branch="true" condition-coverage="0% (0/2)" missing-branches="69,71"/>
						<line number="69" hits="0"/>
						<line number="71" hits="0" branch="true" condition-coverage="0% (0/2)" missing-branches="exit,74"/>
						<line number="74" hits="0"/>
						<line number="75" hits="0"/>
						<line number="78" hits="0"/>
						<line number="80" hits="0"/>
						<line number="84" hits="0"/>
						<line number="85" hits="0"/>
						<line number="86" hits="0"/>
						<line number="88" hits="0"/>
						<line number="91" hits="0"/>
						<line number="92" hits="0"/>
						<line number="93" hits="0"/>
						<line number="95" hits="0"/>
						<line number="102" hits="0"/>
						<line number="103" hits="0"/>
						<line number="105" hits="0"/>
						<line number="106" hits="0"/>
						<line number="107" hits="0"/>
						<line number="110" hits="0"/>
						<line number="111" hits="0"/>
						<line number="113" hits="0"/>
						<line number="114" hits="0"/>
						<line number="115" hits="0"/>
						<line number="118" hits="0"/>
						<line number="119" hits="0"/>
						<line number="121" hits="0"/>
						<line number="122" hits="0"/>
						<line number="123" hits="0"/>
						<line number="126" hits="0"/>
						<line number="127" hits="0"/>
						<line number="129" hits="0"/>
						<line number="130" hits="0"/>
						<line number="131" hits="0"/>
						<line number="134" hits="0"/>
						<line number="135" hits="0"/>
						<line number="137" hits="0"/>
						<line number="138" hits="0"/>
						<line number="139" hits="0"/>
						<line number="142" hits="0"/>
						<line number="143" hits="0"/>
						<line number="145" hits="0"/>
						<line number="146" hits="0"/>
						<line number="147" hits="0"/>
						<line number="150" hits="0"/>
						<line number="151" hits="0"/>
						<line number="152" hits="0"/>
						<line number="153" hits="0"/>
						<line number="155" hits="0"/>
						<line number="156" hits="0"/>
						<line number="157" hits="0"/>
						<line number="160" hits="0"/>
						<line number="161" hits="0"/>
						<line number="163" hits="0"/>
						<line number="164" hits="0"/>
						<line number="165" hits="0"/>
						<line number="168" hits="0"/>
						<line number="169" hits="0"/>
						<line number="171" hits="0"/>
						<line number="172" hits="0"/>
						<line number="173" hits="0"/>
						<line number="177" hits="0" branch="true" condition-coverage="0% (0/2)" missing-branches="178,188"/>
						<line number="178" hits="0"/>
						<line number="179" hits="0"/>
						<line number="180" hits="0"/>
						<line number="181" hits="0"/>
						<line number="182" hits="0"/>
						<line number="183" hits="0" branch="true" condition-coverage="0% (0/2)" missing-branches="exit,184"/>
						<line number="184" hits="0"/>
						<line number="185" hits="0"/>
						<line number="186" hits="0"/>
						<line number="188" hits="0"/>
						<line number="189" hits="0"/>
						<line number="190" hits="0"/>
						<line number="191" hits="0"/>
						<line number="192" hits="0"/>
						<line number="195" hits="0"/>
						<line number="196" hits="0"/>
						<line number="197" hits="0"/>
						<line number="198" hits="0"/>
						<line number="199" hits="0"/>
						<line number="200" hits="0"/>
						<line number="201" hits="0"/>
						<line number="202" hits="0"/>
						<line number="203" hits="0"/>
						<line number="205" hits="0"/>
						<line number="206" hits="0"/>
						<line number="215" hits="0" branch="true" condition-coverage="0% (0/2)" missing-branches="216,230"/>
						<line number="216" hits="0" branch="true" condition-coverage="0% (0/2)" missing-branches="217,220"/>
						<line number="217" hits="0"/>
						<line number="218" hits="0"/>
						<line number="220" hits="0"/>
						<line number="221" hits="0"/>
						<line number="222" hits="0"/>
						<line number="224" hits="0" branch="true" condition-coverage="0% (0/2)" missing-branches="225,227"/>
						<line number="225" hits="0"/>
						<line number="227" hits="0" branch="true" condition-coverage="0% (0/2)" missing-branches="exit,228"/>
						<line number="228" hits="0"/>
						<line number="230" hits="0"/>
						<line number="231" hits="0" branch="true" condition-coverage="0% (0/2)" missing-branches="exit,232"/>
						<line number="232" hits="0"/>
						<line number="235" hits="0"/>
						<line number="236" hits="0"/>
						<line number="237" hits="0"/>
						<line number="238" hits="0"/>
						<line number="239" hits="0"/>
						<line number="240" hits="0"/>
						<line number="242" hits="0"/>
						<line number="243" hits="0"/>
						<line number="248" hits="0" branch="true" condition-coverage="0% (0/2)" missing-branches="249,267"/>
						<line number="249" hits="0"/>
						<line number="251" hits="0" branch="true" condition-coverage="0% (0/2)" missing-branches="252,253"/>
						<line number="252" hits="0"/>
						<line number="253" hits="0" branch="true" condition-coverage="0% (0/2)" missing-branches="254,255"/>
						<line number="254" hits="0"/>
						<line number="255" hits="0" branch="true" condition-coverage="0% (0/2)" missing-branches="256,257"/>
						<line number="256" hits="0"/>
						<line number="257" hits="0" branch="true" condition-coverage="0% (0/2)" missing-branches="258,259"/>
						<line number="258" hits="0"/>
						<line number="259" hits="0" branch="true" condition-coverage="0% (0/2)" missing-branches="260,262"/>
						<line number="260" hits="0"/>
						<line number="262" hits="0" branch="true" condition-coverage="0% (0/2)" missing-branches="exit,263"/>
						<line number="263" hits="0"/>
						<line number="264" hits="0" branch="true" condition-coverage="0% (0/2)" missing-branches="exit,265"/>
						<line number="265" hits="0"/>
						<line number="267" hits="0"/>
						<line number="268" hits="0" branch="true" condition-coverage="0% (0/2)" missing-branches="exit,269"/>
						<line number="269" hits="0"/>
						<line number="273" hits="0"/>
						<line number="274" hits="0"/>
						<line number="275" hits="0"/>
						<line number="277" hits="0"/>
						<line number="280" hits="0"/>
						<line number="281" hits="0"/>
						<line number="283" hits="0"/>
						<line number="284" hits="0"/>
						<line number="285" hits="0"/>
						<line number="288" hits="0"/>
						<line number="289" hits="0"/>
						<line number="291" hits="0"/>
						<line number="292" hits="0"/>
						<line number="293" hits="0"/>
						<line number="296" hits="0"/>
						<line number="297" hits="0"/>
						<line number="299" hits="0"/>
						<line number="300" hits="0"/>
						<line number="301" hits="0"/>
						<line number="304" hits="0"/>
						<line number="305" hits="0"/>
						<line number="307" hits="0"/>
						<line number="308" hits="0"/>
						<line number="309" hits="0"/>
						<line number="312" hits="0"/>
						<line number="313" hits="0"/>
						<line number="315" hits="0"/>
						<line number="316" hits="0"/>
						<line number="317" hits="0"/>
						<line number="320" hits="0"/>
						<line number="321" hits="0"/>
						<line number="323" hits="0"/>
						<line number="324" hits="0"/>
						<line number="325" hits="0"/>
						<line number="328" hits="0"/>
						<line number="329" hits="0"/>
						<line number="330" hits="0"/>
						<line number="331" hits="0"/>
						<line number="333" hits="0"/>
						<line number="334" hits="0"/>
						<line number="335" hits="0"/>
						<line number="338" hits="0"/>
						<line number="339" hits="0"/>
						<line number="341" hits="0"/>
						<line number="342" hits="0"/>
						<line number="343" hits="0"/>
						<line number="346" hits="0"/>
						<line number="347" hits="0"/>
						<line number="349" hits="0"/>
						<line number="350" hits="0"/>
						<line number="351" hits="0"/>
						<line number="355" hits="0" branch="true" condition-coverage="0% (0/2)" missing-branches="356,366"/>
						<line number="356" hits="0"/>
						<line number="357" hits="0"/>
						<line number="358" hits="0"/>
						<line number="359" hits="0"/>
						<line number="360" hits="0"/>
						<line number="361" hits="0" branch="true" condition-coverage="0% (0/2)" missing-branches="exit,362"/>
						<line number="362" hits="0"/>
						<line number="363" hits="0"/>
						<line number="364" hits="0"/>
						<line number="366" hits="0"/>
						<line number="367" hits="0"/>
						<line number="368" hits="0"/>
						<line number="369" hits="0"/>
						<line number="370" hits="0"/>
						<line number="373" hits="0"/>
						<line number="374" hits="0"/>
						<line number="375" hits="0"/>
						<line number="376" hits="0"/>
						<line number="377" hits="0"/>
						<line number="378" hits="0"/>
						<line number="379" hits="0"/>
						<line number="380" hits="0"/>
						<line number="381" hits="0"/>
						<line number="382" hits="0"/>
						<line number="384" hits="0"/>
						<line number="385" hits="0"/>
						<line number="395" hits="0" branch="true" condition-coverage="0% (0/2)" missing-branches="396,419"/>
						<line number="396" hits="0" branch="true" condition-coverage="0% (0/2)" missing-branches="397,400"/>
						<line number="397" hits="0"/>
						<line number="398" hits="0"/>
						<line number="400" hits="0"/>
						<line number="401" hits="0"/>
						<line number="402" hits="0"/>
						<line number="404" hits="0" branch="true" condition-coverage="0% (0/2)" missing-branches="405,406"/>
						<line number="405" hits="0"/>
						<line number="406" hits="0" branch="true" condition-coverage="0% (0/2)" missing-branches="407,408"/>
						<line number="407" hits="0"/>
						<line number="408" hits="0" branch="true" condition-coverage="0% (0/2)" missing-branches="409,411"/>
						<line number="409" hits="0"/>
						<line number="411" hits="0" branch="true" condition-coverage="0% (0/2)" missing-branches="412,414"/>
						<line number="412" hits="0"/>
						<line number="414" hits="0" branch="true" condition-coverage="0% (0/2)" missing-branches="exit,415"/>
						<line number="415" hits="0"/>
						<line number="416" hits="0" branch="true" condition-coverage="0% (0/2)" missing-branches="exit,417"/>
						<line number="417" hits="0"/>
						<line number="419" hits="0"/>
						<line number="420" hits="0" branch="true" condition-coverage="0% (0/2)" missing-branches="exit,421"/>
						<line number="421" hits="0"/>
						<line number="424" hits="0"/>
						<line number="425" hits="0"/>
						<line number="426" hits="0"/>
						<line number="427" hits="0"/>
						<line number="428" hits="0"/>
						<line number="429" hits="0"/>
						<line number="431" hits="0"/>
						<line number="432" hits="0"/>
						<line number="437" hits="0" branch="true" condition-coverage="0% (0/2)" missing-branches="438,456"/>
						<line number="438" hits="0"/>
						<line number="440" hits="0" branch="true" condition-coverage="0% (0/2)" missing-branches="441,442"/>
						<line number="441" hits="0"/>
						<line number="442" hits="0" branch="true" condition-coverage="0% (0/2)" missing-branches="443,444"/>
						<line number="443" hits="0"/>
						<line number="444" hits="0" branch="true" condition-coverage="0% (0/2)" missing-branches="445,446"/>
						<line number="445" hits="0"/>
						<line number="446" hits="0" branch="true" condition-coverage="0% (0/2)" missing-branches="447,448"/>
						<line number="447" hits="0"/>
						<line number="448" hits="0" branch="true" condition-coverage="0% (0/2)" missing-branches="449,451"/>
						<line number="449" hits="0"/>
						<line number="451" hits="0" branch="true" condition-coverage="0% (0/2)" missing-branches="exit,452"/>
						<line number="452" hits="0"/>
						<line number="453" hits="0" branch="true" condition-coverage="0% (0/2)" missing-branches="exit,454"/>
						<line number="454" hits="0"/>
						<line number="456" hits="0"/>
						<line number="457" hits="0" branch="true" condition-coverage="0% (0/2)" missing-branches="exit,458"/>
						<line number="458" hits="0"/>
						<line number="462" hits="0"/>
						<line number="465" hits="0"/>
						<line number="469" hits="0"/>
						<line number="470" hits="0"/>
						<line number="471" hits="0"/>
						<line number="473" hits="0"/>
						<line number="475" hits="0"/>
						<line number="476" hits="0"/>
						<line number="477" hits="0"/>
						<line number="479" hits="0"/>
						<line number="481" hits="0"/>
						<line number="482" hits="0"/>
						<line number="483" hits="0"/>
						<line number="485" hits="0"/>
						<line number="487" hits="0"/>
						<line number="488" hits="0"/>
						<line number="489" hits="0"/>
						<line number="491" hits="0"/>
						<line number="493" hits="0"/>
						<line number="494" hits="0"/>
						<line number="495" hits="0"/>
						<line number="497" hits="0"/>
						<line number="499" hits="0"/>
						<line number="500" hits="0"/>
						<line number="501" hits="0"/>
						<line number="503" hits="0"/>
						<line number="505" hits="0"/>
						<line number="506" hits="0"/>
						<line number="507" hits="0"/>
						<line number="508" hits="0"/>
						<line number="509" hits="0"/>
						<line number="511" hits="0"/>
						<line number="513" hits="0"/>
						<line number="514" hits="0"/>
						<line number="515" hits="0"/>
						<line number="517" hits="0"/>
						<line number="519" hits="0"/>
						<line number="520" hits="0"/>
						<line number="521" hits="0"/>
						<line number="522" hits="0"/>
						<line number="523" hits="0"/>
						<line number="524" hits="0"/>
						<line number="525" hits="0"/>
						<line number="526" hits="0"/>
						<line number="527" hits="0"/>
						<line number="528" hits="0"/>
						<line number="529" hits="0"/>
						<line number="531" hits="0"/>
						<line number="534" hits="0"/>
						<line number="535" hits="0"/>
						<line number="536" hits="0"/>
						<line number="537" hits="0"/>
						<line number="538" hits="0"/>
						<line number="539" hits="0"/>
						<line number="540" hits="0"/>
						<line number="542" hits="0"/>
						<line number="556" hits="0"/>
						<line number="1017" hits="0"/>
						<line number="1018" hits="0"/>
						<line number="1019" hits="0"/>
						<line number="1021" hits="0"/>
						<line number="1024" hits="0"/>
						<line number="1025" hits="0"/>
						<line number="1027" hits="0"/>
						<line number="1028" hits="0"/>
						<line number="1029" hits="0"/>
						<line number="1032" hits="0"/>
						<line number="1033" hits="0"/>
						<line number="1034" hits="0"/>
						<line number="1035" hits="0"/>
						<line number="1037" hits="0"/>
						<line number="1038" hits="0"/>
						<line number="1041" hits="0"/>
						<line number="1042" hits="0" branch="true" condition-coverage="0% (0/2)" missing-branches="1043,1047"/>
						<line number="1043" hits="0"/>
						<line number="1044" hits="0"/>
						<line number="1047" hits="0"/>
						<line number="1048" hits="0"/>
						<line number="1049" hits="0" branch="true" condition-coverage="0% (0/2)" missing-branches="1050,1060"/>
						<line number="1050" hits="0"/>
						<line number="1051" hits="0" branch="true" condition-coverage="0% (0/2)" missing-branches="1052,1053"/>
						<line number="1052" hits="0"/>
						<line number="1053" hits="0" branch="true" condition-coverage="0% (0/2)" missing-branches="1049,1054"/>
						<line number="1054" hits="0"/>
						<line number="1055" hits="0" branch="true" condition-coverage="0% (0/2)" missing-branches="1049,1056"/>
						<line number="1056" hits="0"/>
						<line number="1057" hits="0"/>
						<line number="1058" hits="0"/>
						<line number="1060" hits="0" branch="true" condition-coverage="0% (0/2)" missing-branches="exit,1062"/>
						<line number="1062" hits="0"/>
						<line number="1063" hits="0" branch="true" condition-coverage="0% (0/2)" missing-branches="1064,1066"/>
						<line number="1064" hits="0"/>
						<line number="1066" hits="0"/>
						<line number="1067" hits="0"/>
						<line number="1070" hits="0"/>
						<line number="1071" hits="0"/>
						<line number="1072" hits="0"/>
						<line number="1073" hits="0"/>
						<line number="1074" hits="0"/>
						<line number="1076" hits="0"/>
						<line number="1077" hits="0"/>
						<line number="1078" hits="0"/>
						<line number="1081" hits="0"/>
						<line number="1082" hits="0"/>
						<line number="1083" hits="0"/>
						<line number="1084" hits="0"/>
						<line number="1095" hits="0"/>
						<line number="1098" hits="0"/>
						<line number="1101" hits="0" branch="true" condition-coverage="0% (0/2)" missing-branches="1102,1108"/>
						<line number="1102" hits="0"/>
						<line number="1103" hits="0"/>
						<line number="1105" hits="0"/>
						<line number="1108" hits="0" branch="true" condition-coverage="0% (0/2)" missing-branches="1109,1112"/>
						<line number="1109" hits="0"/>
						<line number="1112" hits="0"/>
						<line number="1120" hits="0" branch="true" condition-coverage="0% (0/2)" missing-branches="1121,1127"/>
						<line number="1121" hits="0"/>
						<line number="1122" hits="0"/>
						<line number="1123" hits="0"/>
						<line number="1124" hits="0"/>
						<line number="1127" hits="0" branch="true" condition-coverage="0% (0/2)" missing-branches="1128,1132"/>
						<line number="1128" hits="0"/>
						<line number="1129" hits="0"/>
						<line number="1130" hits="0"/>
						<line number="1132" hits="0"/>
						<line number="1135" hits="0"/>
						<line number="1136" hits="0"/>
						<line number="1137" hits="0"/>
						<line number="1138" hits="0"/>
						<line number="1139" hits="0"/>
						<line number="1140" hits="0"/>
						<line number="1141" hits="0"/>
						<line number="1142" hits="0"/>
						<line number="1143" hits="0"/>
						<line number="1144" hits="0"/>
						<line number="1148" hits="0"/>
						<line number="1149" hits="0"/>
						<line number="1150" hits="0"/>
						<line number="1152" hits="0"/>
						<line number="1153" hits="0"/>
						<line number="1154" hits="0"/>
						<line number="1155" hits="0"/>
						<line number="1167" hits="0"/>
						<line number="1173" hits="0"/>
						<line number="1174" hits="0"/>
						<line number="1176" hits="0"/>
						<line number="1178" hits="0" branch="true" condition-coverage="0% (0/2)" missing-branches="1179,1193"/>
						<line number="1179" hits="0"/>
						<line number="1180" hits="0"/>
						<line number="1182" hits="0" branch="true" condition-coverage="0% (0/2)" missing-branches="1183,1186"/>
						<line number="1183" hits="0"/>
						<line number="1184" hits="0"/>
						<line number="1186" hits="0" branch="true" condition-coverage="0% (0/2)" missing-branches="1178,1187"/>
						<line number="1187" hits="0"/>
						<line number="1188" hits="0"/>
						<line number="1190" hits="0" branch="true" condition-coverage="0% (0/2)" missing-branches="1186,1191"/>
						<line number="1191" hits="0"/>
						<line number="1193" hits="0" branch="true" condition-coverage="0% (0/2)" missing-branches="1194,1197"/>
						<line number="1194" hits="0"/>
						<line number="1195" hits="0"/>
						<line number="1197" hits="0" branch="true" condition-coverage="0% (0/2)" missing-branches="1198,1202"/>
						<line number="1198" hits="0"/>
						<line number="1199" hits="0"/>
						<line number="1202" hits="0"/>
						<line number="1208" hits="0" branch="true" condition-coverage="0% (0/2)" missing-branches="1209,1211"/>
						<line number="1209" hits="0"/>
						<line number="1211" hits="0"/>
						<line number="1215" hits="0"/>
						<line number="1216" hits="0"/>
						<line number="1217" hits="0"/>
						<line number="1219" hits="0"/>
						<line number="1222" hits="0"/>
						<line number="1223" hits="0"/>
						<line number="1225" hits="0"/>
						<line number="1226" hits="0"/>
						<line number="1227" hits="0"/>
						<line number="1230" hits="0"/>
						<line number="1231" hits="0"/>
						<line number="1233" hits="0"/>
						<line number="1234" hits="0"/>
						<line number="1235" hits="0"/>
						<line number="1238" hits="0"/>
						<line number="1239" hits="0"/>
						<line number="1241" hits="0"/>
						<line number="1242" hits="0"/>
						<line number="1243" hits="0"/>
						<line number="1246" hits="0"/>
						<line number="1247" hits="0"/>
						<line number="1249" hits="0"/>
						<line number="1250" hits="0"/>
						<line number="1251" hits="0"/>
						<line number="1253" hits="0" branch="true" condition-coverage="0% (0/2)" missing-branches="1255,1290"/>
						<line number="1255" hits="0"/>
						<line number="1256" hits="0"/>
						<line number="1258" hits="0"/>
						<line number="1260" hits="0" branch="true" condition-coverage="0% (0/2)" missing-branches="1261,1266"/>
						<line number="1261" hits="0"/>
						<line number="1262" hits="0" branch="true" condition-coverage="0% (0/2)" missing-branches="1263,1266"/>
						<line number="1263" hits="0"/>
						<line number="1264" hits="0"/>
						<line number="1266" hits="0" branch="true" condition-coverage="0% (0/2)" missing-branches="1267,1273"/>
						<line number="1267" hits="0"/>
						<line number="1268" hits="0" branch="true" condition-coverage="0% (0/2)" missing-branches="1269,1270"/>
						<line number="1269" hits="0"/>
						<line number="1270" hits="0" branch="true" condition-coverage="0% (0/2)" missing-branches="1271,1273"/>
						<line number="1271" hits="0"/>
						<line number="1273" hits="0" branch="true" condition-coverage="0% (0/2)" missing-branches="1274,1279"/>
						<line number="1274" hits="0"/>
						<line number="1275" hits="0"/>
						<line number="1276" hits="0" branch="true" condition-coverage="0% (0/2)" missing-branches="1277,1279"/>
						<line number="1277" hits="0"/>
						<line number="1279" hits="0" branch="true" condition-coverage="0% (0/2)" missing-branches="1280,1284"/>
						<line number="1280" hits="0"/>
						<line number="1281" hits="0" branch="true" condition-coverage="0% (0/2)" missing-branches="1282,1284"/>
						<line number="1282" hits="0"/>
						<line number="1284" hits="0" branch="true" condition-coverage="0% (0/2)" missing-branches="exit,1285"/>
						<line number="1285" hits="0"/>
						<line number="1286" hits="0" branch="true" condition-coverage="0% (0/2)" missing-branches="exit,1287"/>
						<line number="1287" hits="0"/>
						<line number="1290" hits="0"/>
						<line number="1294" hits="0"/>
						<line number="1295" hits="0"/>
						<line number="1296" hits="0"/>
						<line number="1297" hits="0"/>
						<line number="1299" hits="0"/>
						<line number="1303" hits="0"/>
						<line number="1304" hits="0"/>
						<line number="1305" hits="0"/>
						<line number="1306" hits="0"/>
						<line number="1309" hits="0"/>
						<line number="1310" hits="0"/>
						<line number="1313" hits="0"/>
						<line number="1314" hits="0"/>
						<line number="1317" hits="0"/>
						<line number="1325" hits="0"/>
						<line number="1326" hits="0"/>
						<line number="1327" hits="0"/>
						<line number="1330" hits="0"/>
						<line number="1331" hits="0"/>
						<line number="1332" hits="0"/>
						<line number="1333" hits="0"/>
						<line number="1334" hits="0"/>
						<line number="1335" hits="0"/>
						<line number="1336" hits="0"/>
						<line number="1337" hits="0"/>
						<line number="1338" hits="0"/>
						<line number="1339" hits="0"/>
						<line number="1340" hits="0"/>
						<line number="1341" hits="0"/>
						<line number="1342" hits="0"/>
						<line number="1343" hits="0"/>
						<line number="1344" hits="0"/>
						<line number="1345" hits="0"/>
						<line number="1346" hits="0"/>
						<line number="1347" hits="0"/>
						<line number="1367" hits="0"/>
						<line number="1369" hits="0"/>
						<line number="1370" hits="0"/>
						<line number="1372" hits="0" branch="true" condition-coverage="0% (0/2)" missing-branches="1373,1377"/>
						<line number="1373" hits="0"/>
						<line number="1374" hits="0"/>
						<line number="1375" hits="0"/>
						<line number="1377" hits="0"/>
						<line number="1379" hits="0"/>
						<line number="1384" hits="0"/>
						<line number="1385" hits="0"/>
						<line number="1388" hits="0"/>
						<line number="1390" hits="0"/>
						<line number="1391" hits="0" branch="true" condition-coverage="0% (0/2)" missing-branches="1393,1456"/>
						<line number="1393" hits="0"/>
						<line number="1394" hits="0"/>
						<line number="1397" hits="0"/>
						<line number="1414" hits="0" branch="true" condition-coverage="0% (0/2)" missing-branches="1415,1418"/>
						<line number="1415" hits="0"/>
						<line number="1418" hits="0"/>
						<line number="1420" hits="0"/>
						<line number="1437" hits="0" branch="true" condition-coverage="0% (0/2)" missing-branches="1418,1438"/>
						<line number="1438" hits="0"/>
						<line number="1439" hits="0"/>
						<line number="1442" hits="0" branch="true" condition-coverage="0% (0/2)" missing-branches="1418,1443"/>
						<line number="1443" hits="0"/>
						<line number="1453" hits="0"/>
						<line number="1456" hits="0"/>
						<line number="1474" hits="0" branch="true" condition-coverage="0% (0/2)" missing-branches="exit,1475"/>
						<line number="1475" hits="0" branch="true" condition-coverage="0% (0/2)" missing-branches="1477,1487"/>
						<line number="1477" hits="0"/>
						<line number="1478" hits="0"/>
						<line number="1479" hits="0"/>
						<line number="1481" hits="0"/>
						<line number="1482" hits="0" branch="true" condition-coverage="0% (0/2)" missing-branches="1483,1484"/>
						<line number="1483" hits="0"/>
						<line number="1484" hits="0" branch="true" condition-coverage="0% (0/2)" missing-branches="exit,1485"/>
						<line number="1485" hits="0"/>
						<line number="1487" hits="0"/>
						<line number="1489" hits="0"/>
						<line number="1490" hits="0"/>
						<line number="1491" hits="0"/>
						<line number="1492" hits="0"/>
						<line number="1493" hits="0"/>
						<line number="1494" hits="0" branch="true" condition-coverage="0% (0/2)" missing-branches="exit,1495"/>
						<line number="1495" hits="0"/>
						<line number="1498" hits="0"/>
						<line number="1502" hits="0"/>
						<line number="1503" hits="0"/>
						<line number="1505" hits="0"/>
						<line number="1508" hits="0"/>
						<line number="1511" hits="0" branch="true" condition-coverage="0% (0/2)" missing-branches="exit,1512"/>
						<line number="1512" hits="0"/>
						<line number="1513" hits="0"/>
						<line number="1517" hits="0" branch="true" condition-coverage="0% (0/2)" missing-branches="exit,1518"/>
						<line number="1518" hits="0"/>
						<line number="1521" hits="0" branch="true" condition-coverage="0% (0/2)" missing-branches="1522,1525"/>
						<line number="1522" hits="0"/>
						<line number="1523" hits="0"/>
						<line number="1525" hits="0"/>
						<line number="1526" hits="0"/>
						<line number="1528" hits="0"/>
						<line number="1532" hits="0"/>
						<line number="1533" hits="0"/>
						<line number="1534" hits="0"/>
						<line number="1535" hits="0"/>
						<line number="1541" hits="0"/>
						<line number="1542" hits="0"/>
						<line number="1543" hits="0"/>
						<line number="1544" hits="0"/>
						<line number="1546" hits="0"/>
						<line number="1548" hits="0"/>
						<line number="1549" hits="0"/>
						<line number="1552" hits="0" branch="true" condition-coverage="0% (0/2)" missing-branches="1554,1577"/>
						<line number="1554" hits="0"/>
						<line number="1556" hits="0" branch="true" condition-coverage="0% (0/2)" missing-branches="1557,1562"/>
						<line number="1557" hits="0" branch="true" condition-coverage="0% (0/2)" missing-branches="1558,1562"/>
						<line number="1558" hits="0" branch="true" condition-coverage="0% (0/2)" missing-branches="1557,1559"/>
						<line number="1559" hits="0"/>
						<line number="1560" hits="0"/>
						<line number="1562" hits="0" branch="true" condition-coverage="0% (0/2)" missing-branches="1564,1577"/>
						<line number="1564" hits="0"/>
						<line number="1565" hits="0" branch="true" condition-coverage="0% (0/2)" missing-branches="1567,1577"/>
						<line number="1567" hits="0"/>
						<line number="1568" hits="0"/>
						<line number="1569" hits="0"/>
						<line number="1570" hits="0"/>
						<line number="1571" hits="0"/>
						<line number="1572" hits="0"/>
						<line number="1573" hits="0"/>
						<line number="1574" hits="0"/>
						<line number="1575" hits="0"/>
						<line number="1577" hits="0"/>
						<line number="1579" hits="0"/>
						<line number="1582" hits="0" branch="true" condition-coverage="0% (0/2)" missing-branches="1583,1586"/>
						<line number="1583" hits="0"/>
						<line number="1586" hits="0"/>
						<line number="1587" hits="0" branch="true" condition-coverage="0% (0/2)" missing-branches="1588,1596"/>
						<line number="1588" hits="0"/>
						<line number="1589" hits="0"/>
						<line number="1590" hits="0"/>
						<line number="1591" hits="0" branch="true" condition-coverage="0% (0/2)" missing-branches="1592,1596"/>
						<line number="1592" hits="0"/>
						<line number="1593" hits="0"/>
						<line number="1594" hits="0"/>
						<line number="1596" hits="0"/>
						<line number="1598" hits="0"/>
						<line number="1600" hits="0"/>
						<line number="1601" hits="0"/>
						<line number="1607" hits="0"/>
						<line number="1608" hits="0"/>
						<line number="1609" hits="0"/>
						<line number="1612" hits="0"/>
						<line number="1613" hits="0"/>
						<line number="1614" hits="0"/>
						<line number="1615" hits="0"/>
						<line number="1618" hits="0" branch="true" condition-coverage="0% (0/2)" missing-branches="1619,1633"/>
						<line number="1619" hits="0"/>
						<line number="1620" hits="0"/>
						<line number="1624" hits="0" branch="true" condition-coverage="0% (0/2)" missing-branches="1625,1633"/>
						<line number="1625" hits="0"/>
						<line number="1626" hits="0" branch="true" condition-coverage="0% (0/2)" missing-branches="1627,1633"/>
						<line number="1627" hits="0"/>
						<line number="1628" hits="0"/>
						<line number="1629" hits="0"/>
						<line number="1630" hits="0"/>
						<line number="1633" hits="0"/>
						<line number="1635" hits="0" branch="true" condition-coverage="0% (0/2)" missing-branches="1637,1655"/>
						<line number="1637" hits="0"/>
						<line number="1639" hits="0"/>
						<line number="1645" hits="0" branch="true" condition-coverage="0% (0/2)" missing-branches="1646,1652"/>
						<line number="1646" hits="0"/>
						<line number="1647" hits="0"/>
						<line number="1648" hits="0"/>
						<line number="1649" hits="0"/>
						<line number="1650" hits="0"/>
						<line number="1652" hits="0"/>
						<line number="1653" hits="0"/>
						<line number="1655" hits="0" branch="true" condition-coverage="0% (0/2)" missing-branches="1657,1677"/>
						<line number="1657" hits="0"/>
						<line number="1659" hits="0"/>
						<line number="1665" hits="0" branch="true" condition-coverage="0% (0/2)" missing-branches="1666,1672"/>
						<line number="1666" hits="0"/>
						<line number="1667" hits="0"/>
						<line number="1668" hits="0"/>
						<line number="1669" hits="0"/>
						<line number="1670" hits="0"/>
						<line number="1672" hits="0"/>
						<line number="1673" hits="0"/>
						<line number="1677" hits="0"/>
						<line number="1679" hits="0" branch="true" condition-coverage="0% (0/2)" missing-branches="1680,1687"/>
						<line number="1680" hits="0"/>
						<line number="1681" hits="0"/>
						<line number="1687" hits="0"/>
						<line number="1688" hits="0"/>
						<line number="1694" hits="0" branch="true" condition-coverage="0% (0/2)" missing-branches="1695,1701"/>
						<line number="1695" hits="0"/>
						<line number="1696" hits="0"/>
						<line number="1697" hits="0"/>
						<line number="1698" hits="0"/>
						<line number="1699" hits="0"/>
						<line number="1701" hits="0"/>
						<line number="1702" hits="0" branch="true" condition-coverage="0% (0/2)" missing-branches="1703,1705"/>
						<line number="1703" hits="0"/>
						<line number="1705" hits="0"/>
						<line number="1709" hits="0"/>
						<line number="1710" hits="0"/>
						<line number="1711" hits="0"/>
						<line number="1712" hits="0"/>
						<line number="1713" hits="0"/>
						<line number="1722" hits="0"/>
						<line number="1725" hits="0" branch="true" condition-coverage="0% (0/2)" missing-branches="1726,1751"/>
						<line number="1726" hits="0"/>
						<line number="1751" hits="0" branch="true" condition-coverage="0% (0/2)" missing-branches="1752,1768"/>
						<line number="1752" hits="0"/>
						<line number="1768" hits="0" branch="true" condition-coverage="0% (0/2)" missing-branches="1769,1781"/>
						<line number="1769" hits="0"/>
						<line number="1781" hits="0" branch="true" condition-coverage="0% (0/2)" missing-branches="1783,1813"/>
						<line number="1783" hits="0"/>
						<line number="1789" hits="0"/>
						<line number="1790" hits="0"/>
						<line number="1793" hits="0"/>
						<line number="1794" hits="0"/>
						<line number="1797" hits="0" branch="true" condition-coverage="0% (0/2)" missing-branches="1798,1802"/>
						<line number="1798" hits="0"/>
						<line number="1799" hits="0"/>
						<line number="1800" hits="0"/>
						<line number="1801" hits="0"/>
						<line number="1802" hits="0" branch="true" condition-coverage="0% (0/2)" missing-branches="1803,1807"/>
						<line number="1803" hits="0"/>
						<line number="1804" hits="0"/>
						<line number="1805" hits="0"/>
						<line number="1806" hits="0"/>
						<line number="1807" hits="0" branch="true" condition-coverage="0% (0/2)" missing-branches="exit,1808"/>
						<line number="1808" hits="0"/>
						<line number="1809" hits="0"/>
						<line number="1810" hits="0"/>
						<line number="1813" hits="0"/>
					</lines>
				</class>
				<class name="config.py" filename="config.py" complexity="0" line-rate="0.5817" branch-rate="0.373">
					<methods/>
					<lines>
						<line number="8" hits="1"/>
						<line number="9" hits="1"/>
						<line number="10" hits="1"/>
						<line number="11" hits="1"/>
						<line number="12" hits="1"/>
						<line number="13" hits="1"/>
						<line number="14" hits="1"/>
						<line number="18" hits="1"/>
						<line number="30" hits="1"/>
						<line number="33" hits="1"/>
						<line number="36" hits="1" branch="true" condition-coverage="50% (1/2)" missing-branches="41"/>
						<line number="37" hits="1"/>
						<line number="38" hits="1" branch="true" condition-coverage="50% (1/2)" missing-branches="39"/>
						<line number="39" hits="0"/>
						<line number="41" hits="1" branch="true" condition-coverage="50% (1/2)" missing-branches="42"/>
						<line number="42" hits="0"/>
						<line number="45" hits="1"/>
						<line number="46" hits="1"/>
						<line number="48" hits="1" branch="true" condition-coverage="100% (2/2)"/>
						<line number="50" hits="1"/>
						<line number="51" hits="1" branch="true" condition-coverage="50% (1/2)" missing-branches="52"/>
						<line number="52" hits="0"/>
						<line number="53" hits="0"/>
						<line number="56" hits="1"/>
						<line number="58" hits="1" branch="true" condition-coverage="50% (1/2)" missing-branches="59"/>
						<line number="59" hits="0"/>
						<line number="60" hits="0"/>
						<line number="62" hits="1"/>
						<line number="65" hits="1"/>
						<line number="67" hits="1"/>
						<line number="70" hits="1"/>
						<line number="72" hits="1"/>
						<line number="75" hits="1" branch="true" condition-coverage="50% (1/2)" missing-branches="361"/>
						<line number="76" hits="1"/>
						<line number="77" hits="1"/>
						<line number="78" hits="1"/>
						<line number="355" hits="1"/>
						<line number="356" hits="1"/>
						<line number="357" hits="1"/>
						<line number="358" hits="1"/>
						<line number="361" hits="1" branch="true" condition-coverage="100% (2/2)"/>
						<line number="362" hits="1" branch="true" condition-coverage="50% (1/2)" missing-branches="361"/>
						<line number="363" hits="1"/>
						<line number="364" hits="1"/>
						<line number="365" hits="1"/>
						<line number="366" hits="1" branch="true" condition-coverage="100% (2/2)"/>
						<line number="367" hits="1"/>
						<line number="370" hits="1" branch="true" condition-coverage="100% (2/2)"/>
						<line number="371" hits="1"/>
						<line number="372" hits="1"/>
						<line number="375" hits="1" branch="true" condition-coverage="50% (1/2)" missing-branches="406"/>
						<line number="376" hits="1"/>
						<line number="377" hits="1"/>
						<line number="378" hits="1"/>
						<line number="381" hits="1" branch="true" condition-coverage="50% (1/2)" missing-branches="403"/>
						<line number="382" hits="1"/>
						<line number="384" hits="1" branch="true" condition-coverage="50% (1/2)" missing-branches="386"/>
						<line number="386" hits="0"/>
						<line number="389" hits="1"/>
						<line number="390" hits="1"/>
						<line number="391" hits="1" branch="true" condition-coverage="50% (1/2)" missing-branches="400"/>
						<line number="392" hits="1"/>
						<line number="393" hits="1" branch="true" condition-coverage="100% (2/2)"/>
						<line number="395" hits="1"/>
						<line number="396" hits="1"/>
						<line number="398" hits="1"/>
						<line number="399" hits="1"/>
						<line number="400" hits="1"/>
						<line number="403" hits="1" branch="true" condition-coverage="50% (1/2)" missing-branches="406"/>
						<line number="404" hits="1"/>
						<line number="406" hits="1"/>
						<line number="409" hits="1"/>
						<line number="412" hits="1"/>
						<line number="414" hits="1"/>
						<line number="415" hits="1"/>
						<line number="418" hits="1"/>
						<line number="421" hits="1"/>
						<line number="423" hits="1"/>
						<line number="424" hits="1"/>
						<line number="427" hits="1"/>
						<line number="430" hits="1"/>
						<line number="431" hits="1"/>
						<line number="432" hits="1"/>
						<line number="434" hits="1"/>
						<line number="437" hits="1"/>
						<line number="438" hits="1"/>
						<line number="439" hits="1"/>
						<line number="440" hits="1"/>
						<line number="443" hits="1"/>
						<line number="447" hits="1"/>
						<line number="448" hits="1"/>
						<line number="451" hits="1"/>
						<line number="454" hits="1"/>
						<line number="457" hits="1"/>
						<line number="463" hits="1"/>
						<line number="464" hits="1"/>
						<line number="467" hits="1"/>
						<line number="470" hits="1"/>
						<line number="476" hits="1"/>
						<line number="481" hits="1"/>
						<line number="484" hits="1"/>
						<line number="486" hits="1"/>
						<line number="487" hits="1"/>
						<line number="490" hits="1"/>
						<line number="491" hits="1"/>
						<line number="492" hits="1"/>
						<line number="493" hits="1"/>
						<line number="496" hits="1"/>
						<line number="497" hits="1"/>
						<line number="499" hits="1"/>
						<line number="515" hits="0" branch="true" condition-coverage="0% (0/2)" missing-branches="516,518"/>
						<line number="516" hits="0"/>
						<line number="518" hits="0"/>
						<line number="521" hits="0"/>
						<line number="523" hits="0"/>
						<line number="524" hits="0"/>
						<line number="526" hits="1"/>
						<line number="529" hits="0"/>
						<line number="530" hits="0"/>
						<line number="531" hits="0"/>
						<line number="533" hits="1"/>
						<line number="536" hits="0"/>
						<line number="539" hits="0"/>
						<line number="543" hits="0"/>
						<line number="544" hits="0"/>
						<line number="545" hits="0"/>
						<line number="546" hits="0"/>
						<line number="548" hits="0"/>
						<line number="557" hits="1"/>
						<line number="558" hits="1"/>
						<line number="559" hits="1"/>
						<line number="564" hits="1"/>
						<line number="567" hits="1"/>
						<line number="568" hits="1"/>
						<line number="569" hits="1"/>
						<line number="570" hits="1"/>
						<line number="575" hits="1"/>
						<line number="576" hits="1"/>
						<line number="577" hits="1"/>
						<line number="578" hits="1"/>
						<line number="583" hits="1"/>
						<line number="584" hits="1"/>
						<line number="585" hits="1"/>
						<line number="586" hits="1"/>
						<line number="589" hits="1"/>
						<line number="590" hits="1"/>
						<line number="595" hits="1"/>
						<line number="601" hits="1"/>
						<line number="606" hits="1"/>
						<line number="607" hits="1"/>
						<line number="613" hits="1"/>
						<line number="616" hits="1"/>
						<line number="617" hits="1"/>
						<line number="618" hits="1"/>
						<line number="619" hits="1"/>
						<line number="620" hits="1"/>
						<line number="623" hits="1"/>
						<line number="626" hits="1"/>
						<line number="629" hits="1"/>
						<line number="632" hits="1"/>
						<line number="636" hits="1"/>
						<line number="638" hits="1"/>
						<line number="641" hits="1"/>
						<line number="642" hits="1"/>
						<line number="647" hits="1"/>
						<line number="652" hits="1"/>
						<line number="662" hits="1"/>
						<line number="665" hits="1" branch="true" condition-coverage="50% (1/2)" missing-branches="666"/>
						<line number="666" hits="0"/>
						<line number="669" hits="1"/>
						<line number="670" hits="1"/>
						<line number="673" hits="1" branch="true" condition-coverage="50% (1/2)" missing-branches="674"/>
						<line number="674" hits="0"/>
						<line number="675" hits="0"/>
						<line number="677" hits="1" branch="true" condition-coverage="50% (1/2)" missing-branches="678"/>
						<line number="678" hits="0"/>
						<line number="679" hits="0"/>
						<line number="681" hits="1" branch="true" condition-coverage="50% (1/2)" missing-branches="682"/>
						<line number="682" hits="0"/>
						<line number="683" hits="0"/>
						<line number="685" hits="1" branch="true" condition-coverage="50% (1/2)" missing-branches="686"/>
						<line number="686" hits="0"/>
						<line number="687" hits="0"/>
						<line number="690" hits="1"/>
						<line number="691" hits="1"/>
						<line number="692" hits="1"/>
						<line number="697" hits="1"/>
						<line number="698" hits="1"/>
						<line number="699" hits="1"/>
						<line number="700" hits="1"/>
						<line number="706" hits="1"/>
						<line number="707" hits="1"/>
						<line number="708" hits="1"/>
						<line number="713" hits="1"/>
						<line number="717" hits="1"/>
						<line number="720" hits="1"/>
						<line number="724" hits="1"/>
						<line number="730" hits="1"/>
						<line number="731" hits="1"/>
						<line number="735" hits="1"/>
						<line number="738" hits="1" branch="true" condition-coverage="50% (1/2)" missing-branches="739"/>
						<line number="739" hits="0"/>
						<line number="740" hits="0"/>
						<line number="743" hits="0"/>
						<line number="744" hits="0"/>
						<line number="747" hits="0"/>
						<line number="750" hits="0"/>
						<line number="751" hits="0"/>
						<line number="754" hits="0"/>
						<line number="755" hits="0"/>
						<line number="756" hits="0"/>
						<line number="758" hits="0"/>
						<line number="759" hits="0"/>
						<line number="760" hits="0"/>
						<line number="763" hits="0"/>
						<line number="764" hits="0"/>
						<line number="767" hits="0"/>
						<line number="768" hits="0"/>
						<line number="769" hits="0"/>
						<line number="770" hits="0"/>
						<line number="771" hits="0"/>
						<line number="772" hits="0"/>
						<line number="774" hits="0"/>
						<line number="775" hits="0" branch="true" condition-coverage="0% (0/2)" missing-branches="776,779"/>
						<line number="776" hits="0"/>
						<line number="777" hits="0" branch="true" condition-coverage="0% (0/2)" missing-branches="778,781"/>
						<line number="778" hits="0"/>
						<line number="779" hits="0" branch="true" condition-coverage="0% (0/2)" missing-branches="780,781"/>
						<line number="780" hits="0"/>
						<line number="781" hits="0"/>
						<line number="783" hits="0"/>
						<line number="784" hits="0"/>
						<line number="787" hits="1" branch="true" condition-coverage="50% (1/2)" missing-branches="788"/>
						<line number="788" hits="0"/>
						<line number="789" hits="0"/>
						<line number="790" hits="0"/>
						<line number="791" hits="0"/>
						<line number="792" hits="0"/>
						<line number="795" hits="1" branch="true" condition-coverage="50% (1/2)" missing-branches="797"/>
						<line number="797" hits="0"/>
						<line number="798" hits="0"/>
						<line number="799" hits="0"/>
						<line number="801" hits="1"/>
						<line number="805" hits="1"/>
						<line number="808" hits="1"/>
						<line number="811" hits="1"/>
						<line number="812" hits="1"/>
						<line number="813" hits="1"/>
						<line number="817" hits="1" branch="true" condition-coverage="50% (1/2)" missing-branches="818"/>
						<line number="818" hits="0"/>
						<line number="821" hits="1" branch="true" condition-coverage="50% (1/2)" missing-branches="825"/>
						<line number="822" hits="1"/>
						<line number="825" hits="1"/>
						<line number="829" hits="1"/>
						<line number="831" hits="1"/>
						<line number="832" hits="1"/>
						<line number="834" hits="1"/>
						<line number="835" hits="1"/>
						<line number="836" hits="1"/>
						<line number="839" hits="1" branch="true" condition-coverage="50% (1/2)" missing-branches="841"/>
						<line number="841" hits="0" branch="true" condition-coverage="0% (0/2)" missing-branches="842,847"/>
						<line number="842" hits="0"/>
						<line number="843" hits="0"/>
						<line number="844" hits="0"/>
						<line number="846" hits="0"/>
						<line number="847" hits="0"/>
						<line number="849" hits="1"/>
						<line number="851" hits="1"/>
						<line number="854" hits="1"/>
						<line number="856" hits="1"/>
						<line number="857" hits="1"/>
						<line number="859" hits="1" branch="true" condition-coverage="50% (1/2)" missing-branches="891"/>
						<line number="861" hits="1"/>
						<line number="864" hits="1"/>
						<line number="866" hits="1"/>
						<line number="867" hits="1" branch="true" condition-coverage="100% (2/2)"/>
						<line number="868" hits="1" branch="true" condition-coverage="100% (2/2)"/>
						<line number="869" hits="1"/>
						<line number="870" hits="1"/>
						<line number="871" hits="1" branch="true" condition-coverage="50% (1/2)" missing-branches="867"/>
						<line number="872" hits="1"/>
						<line number="875" hits="1"/>
						<line number="891" hits="1" branch="true" condition-coverage="50% (1/2)" missing-branches="exit"/>
						<line number="892" hits="1"/>
						<line number="893" hits="1"/>
						<line number="894" hits="0"/>
						<line number="896" hits="0"/>
						<line number="898" hits="0"/>
						<line number="901" hits="0" branch="true" condition-coverage="0% (0/2)" missing-branches="exit,902"/>
						<line number="902" hits="0"/>
						<line number="903" hits="0"/>
						<line number="907" hits="1"/>
						<line number="917" hits="0"/>
						<line number="918" hits="0"/>
						<line number="921" hits="1"/>
						<line number="923" hits="0"/>
						<line number="925" hits="0"/>
						<line number="931" hits="0" branch="true" condition-coverage="0% (0/2)" missing-branches="932,937"/>
						<line number="932" hits="0"/>
						<line number="933" hits="0"/>
						<line number="934" hits="0"/>
						<line number="937" hits="0"/>
						<line number="940" hits="1"/>
						<line number="951" hits="0" branch="true" condition-coverage="0% (0/2)" missing-branches="952,954"/>
						<line number="952" hits="0"/>
						<line number="954" hits="0"/>
						<line number="955" hits="0"/>
						<line number="956" hits="0"/>
						<line number="957" hits="0"/>
						<line number="959" hits="0"/>
						<line number="962" hits="0" branch="true" condition-coverage="0% (0/2)" missing-branches="963,964"/>
						<line number="963" hits="0"/>
						<line number="964" hits="0"/>
						<line number="967" hits="0"/>
						<line number="968" hits="0" branch="true" condition-coverage="0% (0/2)" missing-branches="969,970"/>
						<line number="969" hits="0"/>
						<line number="970" hits="0"/>
						<line number="971" hits="0"/>
						<line number="973" hits="0"/>
						<line number="975" hits="0"/>
						<line number="976" hits="0"/>
						<line number="977" hits="0"/>
						<line number="979" hits="0"/>
						<line number="980" hits="0"/>
						<line number="981" hits="0"/>
						<line number="985" hits="1"/>
						<line number="991" hits="1"/>
						<line number="992" hits="1"/>
						<line number="993" hits="0"/>
						<line number="994" hits="0"/>
						<line number="997" hits="0" branch="true" condition-coverage="0% (0/2)" missing-branches="998,1000"/>
						<line number="998" hits="0" branch="true" condition-coverage="0% (0/2)" missing-branches="999,1000"/>
						<line number="999" hits="0"/>
						<line number="1000" hits="0" branch="true" condition-coverage="0% (0/2)" missing-branches="1001,1004"/>
						<line number="1001" hits="0"/>
						<line number="1004" hits="0" branch="true" condition-coverage="0% (0/2)" missing-branches="1005,1012"/>
						<line number="1005" hits="0"/>
						<line number="1006" hits="0"/>
						<line number="1008" hits="0"/>
						<line number="1009" hits="0"/>
						<line number="1012" hits="0"/>
						<line number="1015" hits="0"/>
						<line number="1016" hits="0" branch="true" condition-coverage="0% (0/2)" missing-branches="exit,1017"/>
						<line number="1017" hits="0"/>
						<line number="1020" hits="0"/>
						<line number="1022" hits="1"/>
						<line number="1024" hits="1" branch="true" condition-coverage="50% (1/2)" missing-branches="1026"/>
						<line number="1026" hits="0"/>
						<line number="1031" hits="1"/>
						<line number="1045" hits="1"/>
						<line number="1048" hits="1"/>
						<line number="1051" hits="1"/>
						<line number="1054" hits="1" branch="true" condition-coverage="50% (1/2)" missing-branches="1055"/>
						<line number="1055" hits="0"/>
						<line number="1057" hits="1" branch="true" condition-coverage="50% (1/2)" missing-branches="1058"/>
						<line number="1058" hits="0"/>
						<line number="1060" hits="1" branch="true" condition-coverage="50% (1/2)" missing-branches="1061"/>
						<line number="1061" hits="0"/>
						<line number="1065" hits="1"/>
						<line number="1077" hits="0"/>
						<line number="1098" hits="0"/>
						<line number="1099" hits="0"/>
						<line number="1102" hits="1"/>
						<line number="1113" hits="0"/>
						<line number="1115" hits="0" branch="true" condition-coverage="0% (0/2)" missing-branches="1116,1119"/>
						<line number="1116" hits="0"/>
						<line number="1117" hits="0"/>
						<line number="1119" hits="0" branch="true" condition-coverage="0% (0/2)" missing-branches="1120,1123"/>
						<line number="1120" hits="0"/>
						<line number="1123" hits="0"/>
						<line number="1124" hits="0" branch="true" condition-coverage="0% (0/2)" missing-branches="1125,1130"/>
						<line number="1125" hits="0" branch="true" condition-coverage="0% (0/2)" missing-branches="1124,1126"/>
						<line number="1126" hits="0"/>
						<line number="1127" hits="0"/>
						<line number="1130" hits="0"/>
						<line number="1131" hits="0"/>
						<line number="1132" hits="0"/>
						<line number="1135" hits="1"/>
						<line number="1144" hits="0"/>
						<line number="1146" hits="0"/>
						<line number="1158" hits="0"/>
						<line number="1161" hits="1"/>
						<line number="1170" hits="0"/>
						<line number="1174" hits="0" branch="true" condition-coverage="0% (0/2)" missing-branches="1175,1176"/>
						<line number="1175" hits="0"/>
						<line number="1176" hits="0" branch="true" condition-coverage="0% (0/2)" missing-branches="1178,1180"/>
						<line number="1178" hits="0"/>
						<line number="1179" hits="0"/>
						<line number="1180" hits="0" branch="true" condition-coverage="0% (0/2)" missing-branches="1181,1182"/>
						<line number="1181" hits="0"/>
						<line number="1182" hits="0" branch="true" condition-coverage="0% (0/2)" missing-branches="1184,1185"/>
						<line number="1184" hits="0"/>
						<line number="1185" hits="0" branch="true" condition-coverage="0% (0/2)" missing-branches="1187,1189"/>
						<line number="1187" hits="0"/>
						<line number="1189" hits="0"/>
						<line number="1194" hits="1"/>
						<line number="1198" hits="1"/>
						<line number="1204" hits="1"/>
						<line number="1205" hits="1" branch="true" condition-coverage="100% (2/2)"/>
						<line number="1206" hits="1" branch="true" condition-coverage="50% (1/2)" missing-branches="1205"/>
						<line number="1207" hits="1"/>
						<line number="1208" hits="1"/>
						<line number="1211" hits="1"/>
						<line number="1214" hits="1"/>
					</lines>
				</class>
				<class name="conversation_logger.py" filename="conversation_logger.py" complexity="0" line-rate="0" branch-rate="0">
					<methods/>
					<lines>
						<line number="8" hits="0"/>
						<line number="9" hits="0"/>
						<line number="10" hits="0"/>
						<line number="11" hits="0"/>
						<line number="12" hits="0"/>
						<line number="13" hits="0"/>
						<line number="14" hits="0"/>
						<line number="16" hits="0"/>
						<line number="17" hits="0"/>
						<line number="20" hits="0"/>
						<line number="23" hits="0"/>
						<line number="24" hits="0"/>
						<line number="26" hits="0"/>
						<line number="32" hits="0"/>
						<line number="33" hits="0"/>
						<line number="35" hits="0"/>
						<line number="36" hits="0"/>
						<line number="39" hits="0"/>
						<line number="41" hits="0"/>
						<line number="43" hits="0"/>
						<line number="45" hits="0" branch="true" condition-coverage="0% (0/2)" missing-branches="46,61"/>
						<line number="46" hits="0"/>
						<line number="47" hits="0"/>
						<line number="50" hits="0"/>
						<line number="53" hits="0" branch="true" condition-coverage="0% (0/2)" missing-branches="55,61"/>
						<line number="55" hits="0"/>
						<line number="56" hits="0"/>
						<line number="57" hits="0"/>
						<line number="58" hits="0"/>
						<line number="61" hits="0"/>
						<line number="63" hits="0"/>
						<line number="66" hits="0"/>
						<line number="67" hits="0"/>
						<line number="69" hits="0"/>
						<line number="70" hits="0" branch="true" condition-coverage="0% (0/2)" missing-branches="71,74"/>
						<line number="71" hits="0"/>
						<line number="74" hits="0"/>
						<line number="75" hits="0"/>
						<line number="77" hits="0"/>
						<line number="79" hits="0"/>
						<line number="81" hits="0" branch="true" condition-coverage="0% (0/2)" missing-branches="82,84"/>
						<line number="82" hits="0"/>
						<line number="84" hits="0"/>
						<line number="86" hits="0"/>
						<line number="88" hits="0"/>
						<line number="89" hits="0"/>
						<line number="92" hits="0"/>
						<line number="93" hits="0"/>
						<line number="95" hits="0"/>
						<line number="96" hits="0" branch="true" condition-coverage="0% (0/2)" missing-branches="97,101"/>
						<line number="97" hits="0"/>
						<line number="98" hits="0"/>
						<line number="99" hits="0"/>
						<line number="101" hits="0"/>
						<line number="103" hits="0"/>
						<line number="105" hits="0"/>
						<line number="106" hits="0"/>
						<line number="107" hits="0"/>
						<line number="109" hits="0"/>
						<line number="111" hits="0"/>
						<line number="112" hits="0"/>
						<line number="114" hits="0"/>
						<line number="130" hits="0"/>
						<line number="133" hits="0"/>
						<line number="149" hits="0"/>
						<line number="150" hits="0" branch="true" condition-coverage="0% (0/2)" missing-branches="151,154"/>
						<line number="151" hits="0"/>
						<line number="154" hits="0"/>
						<line number="155" hits="0"/>
						<line number="156" hits="0"/>
						<line number="158" hits="0"/>
						<line number="162" hits="0"/>
						<line number="164" hits="0" branch="true" condition-coverage="0% (0/2)" missing-branches="exit,165"/>
						<line number="165" hits="0"/>
						<line number="166" hits="0"/>
						<line number="169" hits="0"/>
						<line number="172" hits="0" branch="true" condition-coverage="0% (0/2)" missing-branches="exit,174"/>
						<line number="174" hits="0"/>
						<line number="175" hits="0"/>
						<line number="176" hits="0"/>
						<line number="178" hits="0"/>
						<line number="181" hits="0"/>
						<line number="200" hits="0"/>
						<line number="202" hits="0"/>
						<line number="205" hits="0"/>
						<line number="226" hits="0"/>
						<line number="230" hits="0"/>
						<line number="233" hits="0"/>
						<line number="236" hits="0" branch="true" condition-coverage="0% (0/2)" missing-branches="237,238"/>
						<line number="237" hits="0"/>
						<line number="238" hits="0"/>
					</lines>
				</class>
				<class name="core.py" filename="core.py" complexity="0" line-rate="0" branch-rate="0">
					<methods/>
					<lines>
						<line number="8" hits="0"/>
						<line number="9" hits="0"/>
						<line number="10" hits="0"/>
						<line number="11" hits="0"/>
						<line number="12" hits="0"/>
						<line number="13" hits="0"/>
						<line number="14" hits="0"/>
						<line number="15" hits="0"/>
						<line number="16" hits="0"/>
						<line number="18" hits="0"/>
						<line number="19" hits="0"/>
						<line number="20" hits="0"/>
						<line number="21" hits="0"/>
						<line number="22" hits="0"/>
						<line number="24" hits="0"/>
						<line number="25" hits="0"/>
						<line number="30" hits="0"/>
						<line number="32" hits="0"/>
						<line number="35" hits="0"/>
						<line number="48" hits="0" branch="true" condition-coverage="0% (0/2)" missing-branches="49,60"/>
						<line number="49" hits="0"/>
						<line number="51" hits="0"/>
						<line number="52" hits="0" branch="true" condition-coverage="0% (0/2)" missing-branches="53,60"/>
						<line number="53" hits="0"/>
						<line number="54" hits="0"/>
						<line number="55" hits="0"/>
						<line number="56" hits="0"/>
						<line number="57" hits="0"/>
						<line number="60" hits="0" branch="true" condition-coverage="0% (0/2)" missing-branches="61,64"/>
						<line number="61" hits="0"/>
						<line number="64" hits="0"/>
						<line number="65" hits="0"/>
						<line number="67" hits="0"/>
						<line number="70" hits="0"/>
						<line number="82" hits="0"/>
						<line number="84" hits="0" branch="true" condition-coverage="0% (0/2)" missing-branches="87,90"/>
						<line number="87" hits="0"/>
						<line number="88" hits="0"/>
						<line number="90" hits="0"/>
						<line number="93" hits="0"/>
						<line number="107" hits="0" branch="true" condition-coverage="0% (0/2)" missing-branches="108,110"/>
						<line number="108" hits="0"/>
						<line number="110" hits="0"/>
						<line number="112" hits="0"/>
						<line number="113" hits="0"/>
						<line number="114" hits="0"/>
						<line number="117" hits="0"/>
						<line number="119" hits="0"/>
						<line number="120" hits="0"/>
						<line number="122" hits="0"/>
						<line number="123" hits="0"/>
						<line number="125" hits="0"/>
						<line number="126" hits="0"/>
						<line number="127" hits="0"/>
						<line number="128" hits="0"/>
						<line number="129" hits="0"/>
						<line number="132" hits="0"/>
						<line number="135" hits="0"/>
						<line number="141" hits="0"/>
						<line number="142" hits="0"/>
						<line number="145" hits="0"/>
						<line number="146" hits="0"/>
						<line number="148" hits="0"/>
						<line number="164" hits="0"/>
						<line number="185" hits="0"/>
						<line number="187" hits="0"/>
						<line number="190" hits="0"/>
						<line number="191" hits="0"/>
						<line number="192" hits="0"/>
						<line number="193" hits="0"/>
						<line number="194" hits="0"/>
						<line number="195" hits="0"/>
						<line number="196" hits="0" branch="true" condition-coverage="0% (0/2)" missing-branches="197,199"/>
						<line number="197" hits="0"/>
						<line number="199" hits="0" branch="true" condition-coverage="0% (0/2)" missing-branches="200,203"/>
						<line number="200" hits="0"/>
						<line number="201" hits="0"/>
						<line number="203" hits="0"/>
						<line number="206" hits="0"/>
						<line number="207" hits="0" branch="true" condition-coverage="0% (0/2)" missing-branches="208,214"/>
						<line number="208" hits="0"/>
						<line number="214" hits="0"/>
						<line number="216" hits="0"/>
						<line number="222" hits="0" branch="true" condition-coverage="0% (0/2)" missing-branches="223,225"/>
						<line number="223" hits="0"/>
						<line number="225" hits="0"/>
						<line number="227" hits="0"/>
						<line number="231" hits="0"/>
						<line number="232" hits="0"/>
						<line number="234" hits="0"/>
						<line number="236" hits="0"/>
						<line number="244" hits="0" branch="true" condition-coverage="0% (0/2)" missing-branches="245,249"/>
						<line number="245" hits="0"/>
						<line number="246" hits="0"/>
						<line number="249" hits="0" branch="true" condition-coverage="0% (0/2)" missing-branches="250,254"/>
						<line number="250" hits="0"/>
						<line number="251" hits="0"/>
						<line number="254" hits="0"/>
						<line number="257" hits="0"/>
						<line number="262" hits="0" branch="true" condition-coverage="0% (0/2)" missing-branches="263,265"/>
						<line number="263" hits="0"/>
						<line number="265" hits="0" branch="true" condition-coverage="0% (0/2)" missing-branches="267,302"/>
						<line number="267" hits="0"/>
						<line number="268" hits="0"/>
						<line number="271" hits="0"/>
						<line number="281" hits="0" branch="true" condition-coverage="0% (0/2)" missing-branches="282,297"/>
						<line number="282" hits="0"/>
						<line number="283" hits="0"/>
						<line number="284" hits="0"/>
						<line number="287" hits="0" branch="true" condition-coverage="0% (0/2)" missing-branches="288,290"/>
						<line number="288" hits="0"/>
						<line number="290" hits="0"/>
						<line number="295" hits="0"/>
						<line number="297" hits="0"/>
						<line number="302" hits="0"/>
						<line number="306" hits="0"/>
						<line number="308" hits="0"/>
						<line number="309" hits="0"/>
						<line number="312" hits="0" branch="true" condition-coverage="0% (0/2)" missing-branches="313,316"/>
						<line number="313" hits="0"/>
						<line number="316" hits="0" branch="true" condition-coverage="0% (0/2)" missing-branches="317,322"/>
						<line number="317" hits="0"/>
						<line number="318" hits="0" branch="true" condition-coverage="0% (0/2)" missing-branches="319,322"/>
						<line number="319" hits="0"/>
						<line number="322" hits="0"/>
						<line number="323" hits="0" branch="true" condition-coverage="0% (0/2)" missing-branches="324,331"/>
						<line number="324" hits="0"/>
						<line number="325" hits="0" branch="true" condition-coverage="0% (0/2)" missing-branches="326,331"/>
						<line number="326" hits="0"/>
						<line number="328" hits="0"/>
						<line number="331" hits="0"/>
						<line number="335" hits="0"/>
						<line number="337" hits="0"/>
						<line number="338" hits="0"/>
						<line number="339" hits="0"/>
						<line number="341" hits="0"/>
						<line number="343" hits="0"/>
						<line number="345" hits="0"/>
						<line number="348" hits="0"/>
						<line number="349" hits="0" branch="true" condition-coverage="0% (0/2)" missing-branches="350,355"/>
						<line number="350" hits="0"/>
						<line number="352" hits="0"/>
						<line number="355" hits="0" branch="true" condition-coverage="0% (0/2)" missing-branches="357,364"/>
						<line number="357" hits="0"/>
						<line number="364" hits="0"/>
						<line number="366" hits="0"/>
						<line number="369" hits="0"/>
						<line number="370" hits="0"/>
						<line number="371" hits="0" branch="true" condition-coverage="0% (0/2)" missing-branches="372,376"/>
						<line number="372" hits="0"/>
						<line number="373" hits="0"/>
						<line number="376" hits="0"/>
						<line number="377" hits="0"/>
						<line number="380" hits="0" branch="true" condition-coverage="0% (0/2)" missing-branches="381,389"/>
						<line number="381" hits="0"/>
						<line number="382" hits="0"/>
						<line number="383" hits="0"/>
						<line number="384" hits="0"/>
						<line number="385" hits="0"/>
						<line number="386" hits="0"/>
						<line number="387" hits="0"/>
						<line number="389" hits="0"/>
						<line number="392" hits="0"/>
						<line number="393" hits="0"/>
						<line number="394" hits="0"/>
						<line number="397" hits="0"/>
						<line number="398" hits="0"/>
						<line number="399" hits="0"/>
						<line number="401" hits="0"/>
						<line number="403" hits="0"/>
						<line number="404" hits="0"/>
						<line number="407" hits="0" branch="true" condition-coverage="0% (0/2)" missing-branches="408,411"/>
						<line number="408" hits="0"/>
						<line number="411" hits="0"/>
						<line number="412" hits="0"/>
						<line number="413" hits="0"/>
						<line number="415" hits="0" branch="true" condition-coverage="0% (0/2)" missing-branches="416,419"/>
						<line number="416" hits="0"/>
						<line number="417" hits="0"/>
						<line number="419" hits="0"/>
						<line number="420" hits="0"/>
						<line number="423" hits="0"/>
						<line number="424" hits="0"/>
						<line number="425" hits="0"/>
						<line number="427" hits="0"/>
						<line number="428" hits="0"/>
						<line number="431" hits="0" branch="true" condition-coverage="0% (0/2)" missing-branches="432,444"/>
						<line number="432" hits="0"/>
						<line number="442" hits="0"/>
						<line number="444" hits="0"/>
						<line number="445" hits="0"/>
						<line number="446" hits="0"/>
						<line number="449" hits="0" branch="true" condition-coverage="0% (0/2)" missing-branches="450,451"/>
						<line number="450" hits="0"/>
						<line number="451" hits="0" branch="true" condition-coverage="0% (0/2)" missing-branches="452,453"/>
						<line number="452" hits="0"/>
						<line number="453" hits="0"/>
						<line number="454" hits="0"/>
						<line number="455" hits="0"/>
						<line number="456" hits="0"/>
						<line number="459" hits="0"/>
						<line number="462" hits="0"/>
						<line number="463" hits="0"/>
						<line number="464" hits="0"/>
						<line number="465" hits="0"/>
						<line number="466" hits="0"/>
						<line number="467" hits="0"/>
						<line number="468" hits="0"/>
						<line number="469" hits="0"/>
						<line number="470" hits="0"/>
						<line number="471" hits="0"/>
						<line number="474" hits="0"/>
						<line number="475" hits="0"/>
						<line number="476" hits="0"/>
						<line number="477" hits="0"/>
						<line number="478" hits="0"/>
						<line number="479" hits="0"/>
						<line number="480" hits="0"/>
						<line number="481" hits="0"/>
						<line number="482" hits="0"/>
						<line number="483" hits="0"/>
						<line number="484" hits="0"/>
						<line number="485" hits="0"/>
						<line number="486" hits="0"/>
						<line number="488" hits="0"/>
						<line number="489" hits="0"/>
						<line number="490" hits="0"/>
						<line number="491" hits="0"/>
						<line number="494" hits="0" branch="true" condition-coverage="0% (0/2)" missing-branches="495,509"/>
						<line number="495" hits="0"/>
						<line number="496" hits="0"/>
						<line number="497" hits="0"/>
						<line number="498" hits="0"/>
						<line number="499" hits="0" branch="true" condition-coverage="0% (0/2)" missing-branches="500,505"/>
						<line number="500" hits="0"/>
						<line number="501" hits="0"/>
						<line number="502" hits="0"/>
						<line number="503" hits="0"/>
						<line number="505" hits="0"/>
						<line number="506" hits="0"/>
						<line number="507" hits="0"/>
						<line number="509" hits="0"/>
						<line number="510" hits="0"/>
						<line number="511" hits="0"/>
						<line number="513" hits="0"/>
						<line number="514" hits="0"/>
						<line number="515" hits="0"/>
						<line number="516" hits="0"/>
						<line number="519" hits="0"/>
						<line number="520" hits="0" branch="true" condition-coverage="0% (0/2)" missing-branches="521,529"/>
						<line number="521" hits="0"/>
						<line number="522" hits="0"/>
						<line number="525" hits="0" branch="true" condition-coverage="0% (0/2)" missing-branches="526,537"/>
						<line number="526" hits="0" branch="true" condition-coverage="0% (0/2)" missing-branches="527,537"/>
						<line number="527" hits="0"/>
						<line number="528" hits="0"/>
						<line number="529" hits="0" branch="true" condition-coverage="0% (0/2)" missing-branches="530,537"/>
						<line number="530" hits="0" branch="true" condition-coverage="0% (0/2)" missing-branches="531,537"/>
						<line number="531" hits="0"/>
						<line number="532" hits="0"/>
						<line number="537" hits="0" branch="true" condition-coverage="0% (0/2)" missing-branches="538,540"/>
						<line number="538" hits="0"/>
						<line number="540" hits="0"/>
						<line number="543" hits="0"/>
						<line number="562" hits="0"/>
						<line number="563" hits="0"/>
						<line number="566" hits="0"/>
						<line number="567" hits="0"/>
						<line number="568" hits="0"/>
						<line number="569" hits="0"/>
						<line number="570" hits="0" branch="true" condition-coverage="0% (0/2)" missing-branches="571,583"/>
						<line number="571" hits="0"/>
						<line number="572" hits="0"/>
						<line number="574" hits="0" branch="true" condition-coverage="0% (0/2)" missing-branches="575,578"/>
						<line number="575" hits="0"/>
						<line number="576" hits="0"/>
						<line number="578" hits="0"/>
						<line number="579" hits="0"/>
						<line number="580" hits="0"/>
						<line number="581" hits="0"/>
						<line number="583" hits="0"/>
						<line number="585" hits="0" branch="true" condition-coverage="0% (0/2)" missing-branches="587,600"/>
						<line number="587" hits="0"/>
						<line number="588" hits="0"/>
						<line number="591" hits="0"/>
						<line number="592" hits="0"/>
						<line number="594" hits="0"/>
						<line number="595" hits="0"/>
						<line number="597" hits="0"/>
						<line number="600" hits="0"/>
						<line number="603" hits="0"/>
						<line number="606" hits="0"/>
						<line number="607" hits="0"/>
						<line number="611" hits="0"/>
						<line number="612" hits="0"/>
						<line number="615" hits="0"/>
						<line number="616" hits="0"/>
						<line number="619" hits="0"/>
						<line number="622" hits="0"/>
						<line number="624" hits="0"/>
						<line number="627" hits="0"/>
						<line number="642" hits="0"/>
						<line number="643" hits="0"/>
						<line number="651" hits="0"/>
						<line number="653" hits="0"/>
						<line number="654" hits="0"/>
						<line number="655" hits="0"/>
						<line number="656" hits="0"/>
						<line number="657" hits="0"/>
						<line number="658" hits="0"/>
						<line number="661" hits="0"/>
						<line number="676" hits="0"/>
						<line number="677" hits="0"/>
						<line number="685" hits="0"/>
						<line number="687" hits="0"/>
						<line number="688" hits="0"/>
						<line number="689" hits="0"/>
						<line number="690" hits="0"/>
						<line number="691" hits="0"/>
						<line number="692" hits="0"/>
						<line number="695" hits="0"/>
						<line number="709" hits="0"/>
						<line number="710" hits="0"/>
						<line number="711" hits="0"/>
						<line number="714" hits="0"/>
						<line number="717" hits="0"/>
						<line number="718" hits="0" branch="true" condition-coverage="0% (0/2)" missing-branches="719,724"/>
						<line number="719" hits="0"/>
						<line number="720" hits="0" branch="true" condition-coverage="0% (0/2)" missing-branches="718,721"/>
						<line number="721" hits="0"/>
						<line number="722" hits="0"/>
						<line number="724" hits="0" branch="true" condition-coverage="0% (0/2)" missing-branches="725,744"/>
						<line number="725" hits="0"/>
						<line number="726" hits="0"/>
						<line number="727" hits="0"/>
						<line number="728" hits="0"/>
						<line number="729" hits="0" branch="true" condition-coverage="0% (0/2)" missing-branches="730,731"/>
						<line number="730" hits="0"/>
						<line number="731" hits="0"/>
						<line number="734" hits="0"/>
						<line number="735" hits="0"/>
						<line number="737" hits="0"/>
						<line number="738" hits="0"/>
						<line number="739" hits="0"/>
						<line number="740" hits="0"/>
						<line number="744" hits="0" branch="true" condition-coverage="0% (0/2)" missing-branches="745,755"/>
						<line number="745" hits="0"/>
						<line number="747" hits="0"/>
						<line number="748" hits="0"/>
						<line number="753" hits="0"/>
						<line number="755" hits="0"/>
						<line number="758" hits="0"/>
						<line number="760" hits="0"/>
						<line number="763" hits="0"/>
						<line number="765" hits="0" branch="true" condition-coverage="0% (0/2)" missing-branches="766,773"/>
						<line number="766" hits="0" branch="true" condition-coverage="0% (0/2)" missing-branches="765,767"/>
						<line number="767" hits="0"/>
						<line number="768" hits="0"/>
						<line number="769" hits="0"/>
						<line number="770" hits="0"/>
						<line number="773" hits="0"/>
						<line number="774" hits="0"/>
					</lines>
				</class>
				<class name="openai_error_parser.py" filename="openai_error_parser.py" complexity="0" line-rate="0" branch-rate="0">
					<methods/>
					<lines>
						<line number="8" hits="0"/>
[...]
						<line number="17" hits="0"/>
						<line number="18" hits="0"/>
						<line number="22" hits="0" branch="true" condition-coverage="0% (0/2)" missing-branches="23,35"/>
						<line number="23" hits="0"/>
						<line number="24" hits="0" branch="true" condition-coverage="0% (0/2)" missing-branches="22,25"/>
						<line number="25" hits="0"/>
						<line number="27" hits="0" branch="true" condition-coverage="0% (0/2)" missing-branches="28,35"/>
						<line number="28" hits="0"/>
						<line number="29" hits="0"/>
						<line number="30" hits="0" branch="true" condition-coverage="0% (0/2)" missing-branches="31,35"/>
						<line number="31" hits="0"/>
						<line number="32" hits="0" branch="true" condition-coverage="0% (0/2)" missing-branches="30,33"/>
						<line number="33" hits="0"/>
						<line number="35" hits="0"/>
						<line number="38" hits="0"/>
						<line number="40" hits="0"/>
						<line number="42" hits="0" branch="true" condition-coverage="0% (0/2)" missing-branches="43,48"/>
						<line number="43" hits="0"/>
						<line number="45" hits="0" branch="true" condition-coverage="0% (0/2)" missing-branches="46,56"/>
						<line number="46" hits="0"/>
						<line number="48" hits="0" branch="true" condition-coverage="0% (0/2)" missing-branches="49,56"/>
						<line number="49" hits="0"/>
						<line number="50" hits="0"/>
						<line number="51" hits="0" branch="true" condition-coverage="0% (0/2)" missing-branches="52,56"/>
						<line number="52" hits="0"/>
						<line number="53" hits="0" branch="true" condition-coverage="0% (0/2)" missing-branches="51,54"/>
						<line number="54" hits="0"/>
						<line number="56" hits="0"/>
						<line number="59" hits="0"/>
						<line number="66" hits="0" branch="true" condition-coverage="0% (0/2)" missing-branches="67,68"/>
						<line number="67" hits="0"/>
						<line number="68" hits="0" branch="true" condition-coverage="0% (0/2)" missing-branches="69,71"/>
						<line number="69" hits="0"/>
						<line number="71" hits="0"/>
						<line number="73" hits="0" branch="true" condition-coverage="0% (0/2)" missing-branches="74,76"/>
						<line number="74" hits="0"/>
						<line number="76" hits="0"/>
						<line number="78" hits="0"/>
						<line number="79" hits="0"/>
						<line number="80" hits="0"/>
						<line number="82" hits="0"/>
						<line number="84" hits="0" branch="true" condition-coverage="0% (0/2)" missing-branches="85,123"/>
						<line number="85" hits="0"/>
						<line number="86" hits="0" branch="true" condition-coverage="0% (0/2)" missing-branches="88,103"/>
						<line number="88" hits="0" branch="true" condition-coverage="0% (0/2)" missing-branches="90,96"/>
						<line number="90" hits="0"/>
						<line number="92" hits="0"/>
						<line number="93" hits="0"/>
						<line number="94" hits="0"/>
						<line number="96" hits="0" branch="true" condition-coverage="0% (0/2)" missing-branches="84,98"/>
						<line number="98" hits="0"/>
						<line number="99" hits="0"/>
						<line number="100" hits="0"/>
						<line number="101" hits="0"/>
						<line number="103" hits="0" branch="true" condition-coverage="0% (0/2)" missing-branches="84,105"/>
						<line number="105" hits="0"/>
						<line number="108" hits="0"/>
						<line number="109" hits="0"/>
						<line number="112" hits="0"/>
						<line number="113" hits="0"/>
						<line number="114" hits="0"/>
						<line number="117" hits="0"/>
						<line number="119" hits="0"/>
						<line number="120" hits="0"/>
						<line number="121" hits="0"/>
						<line number="123" hits="0" branch="true" condition-coverage="0% (0/2)" missing-branches="124,131"/>
						<line number="124" hits="0"/>
						<line number="125" hits="0" branch="true" condition-coverage="0% (0/2)" missing-branches="126,127"/>
						<line number="126" hits="0"/>
						<line number="127" hits="0" branch="true" condition-coverage="0% (0/2)" missing-branches="128,129"/>
						<line number="128" hits="0"/>
						<line number="129" hits="0"/>
						<line number="131" hits="0"/>
					</lines>
				</class>
				<class name="version_helpers.py" filename="utils/version_helpers.py" complexity="0" line-rate="0" branch-rate="0">
					<methods/>
					<lines>
						<line number="3" hits="0"/>
						<line number="4" hits="0"/>
						<line number="5" hits="0"/>
						<line number="6" hits="0"/>
						<line number="7" hits="0"/>
						<line number="9" hits="0"/>
						<line number="12" hits="0"/>
						<line number="14" hits="0"/>
						<line number="16" hits="0"/>
						<line number="23" hits="0"/>
						<line number="24" hits="0" branch="true" condition-coverage="0% (0/2)" missing-branches="25,34"/>
						<line number="25" hits="0" branch="true" condition-coverage="0% (0/2)" missing-branches="24,27"/>
						<line number="27" hits="0"/>
						<line number="28" hits="0" branch="true" condition-coverage="0% (0/2)" missing-branches="24,29"/>
						<line number="29" hits="0"/>
						<line number="31" hits="0" branch="true" condition-coverage="0% (0/2)" missing-branches="24,32"/>
						<line number="32" hits="0"/>
						<line number="34" hits="0"/>
						<line number="35" hits="0"/>
						<line number="36" hits="0"/>
						<line number="37" hits="0"/>
						<line number="40" hits="0"/>
						<line number="47" hits="0" branch="true" condition-coverage="0% (0/2)" missing-branches="48,51"/>
						<line number="48" hits="0"/>
						<line number="51" hits="0"/>
						<line number="52" hits="0"/>
						<line number="53" hits="0"/>
						<line number="56" hits="0"/>
						<line number="57" hits="0"/>
						<line number="58" hits="0"/>
						<line number="60" hits="0"/>
						<line number="61" hits="0" branch="true" condition-coverage="0% (0/2)" missing-branches="62,69"/>
						<line number="62" hits="0"/>
						<line number="63" hits="0"/>
						<line number="64" hits="0"/>
						<line number="66" hits="0"/>
						<line number="69" hits="0" branch="true" condition-coverage="0% (0/2)" missing-branches="70,74"/>
						<line number="70" hits="0"/>
						<line number="74" hits="0" branch="true" condition-coverage="0% (0/2)" missing-branches="75,78"/>
						<line number="75" hits="0"/>
						<line number="78" hits="0"/>
						<line number="79" hits="0" branch="true" condition-coverage="0% (0/2)" missing-branches="80,86"/>
						<line number="80" hits="0"/>
						<line number="81" hits="0"/>
						<line number="83" hits="0"/>
						<line number="84" hits="0"/>
						<line number="86" hits="0"/>
						<line number="88" hits="0"/>
						<line number="91" hits="0"/>
						<line number="93" hits="0" branch="true" condition-coverage="0% (0/2)" missing-branches="95,97"/>
						<line number="95" hits="0" branch="true" condition-coverage="0% (0/2)" missing-branches="93,96"/>
						<line number="96" hits="0"/>
						<line number="97" hits="0"/>
						<line number="100" hits="0"/>
						<line number="102" hits="0" branch="true" condition-coverage="0% (0/2)" missing-branches="103,105"/>
						<line number="103" hits="0"/>
						<line number="105" hits="0"/>
						<line number="107" hits="0"/>
						<line number="114" hits="0"/>
						<line number="117" hits="0" branch="true" condition-coverage="0% (0/2)" missing-branches="118,127"/>
						<line number="118" hits="0"/>
						<line number="124" hits="0" branch="true" condition-coverage="0% (0/2)" missing-branches="125,127"/>
						<line number="125" hits="0"/>
						<line number="127" hits="0"/>
						<line number="128" hits="0"/>
						<line number="130" hits="0"/>
						<line number="131" hits="0"/>
						<line number="138" hits="0"/>
						<line number="139" hits="0"/>
						<line number="140" hits="0"/>
						<line number="143" hits="0"/>
						<line number="145" hits="0"/>
						<line number="147" hits="0"/>
						<line number="155" hits="0"/>
						<line number="162" hits="0"/>
						<line number="163" hits="0"/>
						<line number="164" hits="0"/>
						<line number="165" hits="0"/>
						<line number="168" hits="0"/>
						<line number="170" hits="0"/>
						<line number="171" hits="0" branch="true" condition-coverage="0% (0/2)" missing-branches="172,175"/>
						<line number="172" hits="0"/>
						<line number="175" hits="0" branch="true" condition-coverage="0% (0/2)" missing-branches="176,179"/>
						<line number="176" hits="0"/>
						<line number="179" hits="0" branch="true" condition-coverage="0% (0/2)" missing-branches="180,184"/>
						<line number="180" hits="0"/>
						<line number="181" hits="0" branch="true" condition-coverage="0% (0/2)" missing-branches="182,184"/>
						<line number="182" hits="0"/>
						<line number="184" hits="0"/>
					</lines>
				</class>
			</classes>
		</package>
		<package name="utils.dependencies" line-rate="0" branch-rate="0" complexity="0">
			<classes>
				<class name="__init__.py" filename="utils/dependencies/__init__.py" complexity="0" line-rate="0" branch-rate="1">
					<methods/>
					<lines>
						<line number="7" hits="0"/>
						<line number="14" hits="0"/>
						<line number="15" hits="0"/>
						<line number="17" hits="0"/>
					</lines>
				</class>
				<class name="cache.py" filename="utils/dependencies/cache.py" complexity="0" line-rate="0" branch-rate="0">
					<methods/>
					<lines>
						<line number="3" hits="0"/>
						<line number="6" hits="0"/>
						<line number="13" hits="0"/>
						<line number="14" hits="0"/>
						<line number="16" hits="0"/>
						<line number="23" hits="0"/>
						<line number="25" hits="0"/>
						<line number="27" hits="0"/>
						<line number="33" hits="0" branch="true" condition-coverage="0% (0/2)" missing-branches="exit,34"/>
						<line number="34" hits="0"/>
						<line number="36" hits="0"/>
						<line number="38" hits="0"/>
						<line number="42" hits="0"/>
						<line number="45" hits="0"/>
						<line number="47" hits="0"/>
					</lines>
				</class>
				<class name="checker.py" filename="utils/dependencies/checker.py" complexity="0" line-rate="0" branch-rate="0">
					<methods/>
					<lines>
						<line number="3" hits="0"/>
						<line number="4" hits="0"/>
						<line number="5" hits="0"/>
						<line number="6" hits="0"/>
						<line number="7" hits="0"/>
						<line number="8" hits="0"/>
						<line number="9" hits="0"/>
						<line number="10" hits="0"/>
						<line number="11" hits="0"/>
						<line number="12" hits="0"/>
						<line number="14" hits="0"/>
						<line number="15" hits="0"/>
						<line number="17" hits="0"/>
						<line number="20" hits="0"/>
						<line number="30" hits="0"/>
						<line number="32" hits="0"/>
						<line number="33" hits="0"/>
						<line number="34" hits="0"/>
						<line number="35" hits="0"/>
						<line number="36" hits="0"/>
						<line number="38" hits="0"/>
						<line number="39" hits="0"/>
						<line number="40" hits="0"/>
						<line number="41" hits="0"/>
						<line number="42" hits="0"/>
						<line number="44" hits="0"/>
						<line number="45" hits="0"/>
						<line number="46" hits="0" branch="true" condition-coverage="0% (0/2)" missing-branches="47,49"/>
						<line number="47" hits="0"/>
						<line number="48" hits="0"/>
						<line number="49" hits="0"/>
						<line number="52" hits="0"/>
						<line number="58" hits="0"/>
						<line number="60" hits="0" branch="true" condition-coverage="0% (0/2)" missing-branches="61,62"/>
						<line number="61" hits="0"/>
						<line number="62" hits="0" branch="true" condition-coverage="0% (0/2)" missing-branches="64,84"/>
						<line number="64" hits="0"/>
						<line number="65" hits="0"/>
						<line number="66" hits="0"/>
						<line number="67" hits="0" branch="true" condition-coverage="0% (0/2)" missing-branches="69,79"/>
						<line number="69" hits="0" branch="true" condition-coverage="0% (0/2)" missing-branches="70,71"/>
						<line number="70" hits="0"/>
						<line number="71" hits="0" branch="true" condition-coverage="0% (0/2)" missing-branches="72,74"/>
						<line number="72" hits="0"/>
						<line number="74" hits="0"/>
						<line number="75" hits="0"/>
						<line number="76" hits="0"/>
						<line number="79" hits="0" branch="true" condition-coverage="0% (0/2)" missing-branches="80,81"/>
						<line number="80" hits="0"/>
						<line number="81" hits="0" branch="true" condition-coverage="0% (0/2)" missing-branches="82,84"/>
						<line number="82" hits="0"/>
						<line number="84" hits="0"/>
						<line number="85" hits="0"/>
						<line number="88" hits="0"/>
						<line number="98" hits="0"/>
						<line number="99" hits="0"/>
						<line number="102" hits="0"/>
						<line number="103" hits="0" branch="true" condition-coverage="0% (0/2)" missing-branches="104,108"/>
						<line number="104" hits="0"/>
						<line number="105" hits="0"/>
						<line number="108" hits="0" branch="true" condition-coverage="0% (0/2)" missing-branches="109,124"/>
						<line number="109" hits="0"/>
						<line number="110" hits="0"/>
						<line number="111" hits="0"/>
						<line number="117" hits="0"/>
						<line number="118" hits="0"/>
						<line number="119" hits="0"/>
						<line number="120" hits="0"/>
						<line number="121" hits="0"/>
						<line number="124" hits="0"/>
						<line number="125" hits="0"/>
						<line number="126" hits="0"/>
						<line number="127" hits="0"/>
						<line number="128" hits="0"/>
						<line number="129" hits="0"/>
						<line number="130" hits="0"/>
						<line number="133" hits="0"/>
						<line number="134" hits="0"/>
						<line number="137" hits="0"/>
						<line number="150" hits="0" branch="true" condition-coverage="0% (0/2)" missing-branches="151,153"/>
						<line number="151" hits="0"/>
						<line number="153" hits="0"/>
						<line number="157" hits="0"/>
						<line number="158" hits="0"/>
						<line number="160" hits="0"/>
						<line number="162" hits="0"/>
						<line number="165" hits="0"/>
						<line number="166" hits="0" branch="true" condition-coverage="0% (0/2)" missing-branches="167,172"/>
						<line number="167" hits="0"/>
						<line number="168" hits="0" branch="true" condition-coverage="0% (0/2)" missing-branches="166,169"/>
						<line number="169" hits="0"/>
						<line number="172" hits="0"/>
						<line number="174" hits="0" branch="true" condition-coverage="0% (0/2)" missing-branches="176,186"/>
						<line number="176" hits="0"/>
						<line number="179" hits="0" branch="true" condition-coverage="0% (0/2)" missing-branches="180,183"/>
						<line number="180" hits="0"/>
						<line number="183" hits="0" branch="true" condition-coverage="0% (0/2)" missing-branches="174,184"/>
						<line number="184" hits="0"/>
						<line number="186" hits="0"/>
						<line number="189" hits="0"/>
						<line number="191" hits="0"/>
						<line number="192" hits="0"/>
						<line number="193" hits="0" branch="true" condition-coverage="0% (0/2)" missing-branches="194,199"/>
						<line number="194" hits="0"/>
						<line number="195" hits="0"/>
						<line number="196" hits="0"/>
						<line number="197" hits="0"/>
						<line number="199" hits="0"/>
						<line number="200" hits="0"/>
						<line number="203" hits="0"/>
						<line number="218" hits="0" branch="true" condition-coverage="0% (0/2)" missing-branches="219,221"/>
						<line number="219" hits="0"/>
						<line number="221" hits="0" branch="true" condition-coverage="0% (0/2)" missing-branches="222,227"/>
						<line number="222" hits="0"/>
						<line number="223" hits="0"/>
						<line number="224" hits="0" branch="true" condition-coverage="0% (0/2)" missing-branches="225,227"/>
						<line number="225" hits="0"/>
						<line number="227" hits="0"/>
						<line number="228" hits="0"/>
						<line number="229" hits="0"/>
						<line number="230" hits="0"/>
						<line number="233" hits="0"/>
						<line number="235" hits="0" branch="true" condition-coverage="0% (0/2)" missing-branches="237,241"/>
						<line number="237" hits="0"/>
						<line number="238" hits="0"/>
						<line number="241" hits="0"/>
						<line number="242" hits="0"/>
						<line number="243" hits="0"/>
						<line number="244" hits="0"/>
						<line number="246" hits="0"/>
						<line number="247" hits="0"/>
						<line number="249" hits="0"/>
						<line number="250" hits="0"/>
						<line number="252" hits="0" branch="true" condition-coverage="0% (0/2)" missing-branches="254,259"/>
						<line number="254" hits="0"/>
						<line number="255" hits="0"/>
						<line number="256" hits="0"/>
						<line number="257" hits="0"/>
						<line number="259" hits="0"/>
						<line number="260" hits="0" branch="true" condition-coverage="0% (0/2)" missing-branches="261,262"/>
						<line number="261" hits="0"/>
						<line number="262" hits="0"/>
						<line number="264" hits="0"/>
					</lines>
				</class>
				<class name="package_managers.py" filename="utils/dependencies/package_managers.py" complexity="0" line-rate="0" branch-rate="0">
					<methods/>
					<lines>
						<line number="3" hits="0"/>
						<line number="4" hits="0"/>
						<line number="5" hits="0"/>
						<line number="6" hits="0"/>
						<line number="7" hits="0"/>
						<line number="9" hits="0"/>
						<line number="12" hits="0"/>
						<line number="31" hits="0"/>
						<line number="34" hits="0"/>
						<line number="35" hits="0"/>
						<line number="37" hits="0"/>
						<line number="38" hits="0"/>
						<line number="39" hits="0"/>
						<line number="45" hits="0"/>
						<line number="46" hits="0"/>
						<line number="47" hits="0"/>
						<line number="48" hits="0"/>
						<line number="50" hits="0"/>
						<line number="51" hits="0"/>
						<line number="52" hits="0"/>
						<line number="53" hits="0" branch="true" condition-coverage="0% (0/2)" missing-branches="54,57"/>
						<line number="54" hits="0"/>
						<line number="55" hits="0"/>
						<line number="57" hits="0"/>
						<line number="58" hits="0"/>
						<line number="59" hits="0"/>
						<line number="60" hits="0"/>
						<line number="63" hits="0"/>
						<line number="66" hits="0"/>
						<line number="67" hits="0"/>
						<line number="69" hits="0"/>
						<line number="70" hits="0"/>
						<line number="71" hits="0"/>
						<line number="77" hits="0"/>
						<line number="78" hits="0"/>
						<line number="79" hits="0"/>
						<line number="80" hits="0"/>
						<line number="82" hits="0"/>
						<line number="84" hits="0"/>
						<line number="85" hits="0"/>
						<line number="86" hits="0" branch="true" condition-coverage="0% (0/2)" missing-branches="87,90"/>
						<line number="87" hits="0"/>
						<line number="88" hits="0"/>
						<line number="90" hits="0"/>
						<line number="91" hits="0"/>
						<line number="92" hits="0"/>
						<line number="93" hits="0"/>
						<line number="96" hits="0"/>
						<line number="99" hits="0"/>
						<line number="100" hits="0"/>
						<line number="102" hits="0"/>
						<line number="103" hits="0"/>
						<line number="104" hits="0"/>
						<line number="110" hits="0"/>
						<line number="111" hits="0"/>
						<line number="112" hits="0"/>
						<line number="113" hits="0"/>
						<line number="115" hits="0"/>
						<line number="117" hits="0"/>
						<line number="118" hits="0"/>
						<line number="119" hits="0" branch="true" condition-coverage="0% (0/2)" missing-branches="120,123"/>
						<line number="120" hits="0"/>
						<line number="121" hits="0"/>
						<line number="123" hits="0"/>
						<line number="124" hits="0"/>
						<line number="125" hits="0"/>
						<line number="126" hits="0"/>
						<line number="129" hits="0"/>
						<line number="138" hits="0"/>
						<line number="140" hits="0" branch="true" condition-coverage="0% (0/2)" missing-branches="141,145"/>
						<line number="141" hits="0" branch="true" condition-coverage="0% (0/2)" missing-branches="140,142"/>
						<line number="142" hits="0"/>
						<line number="143" hits="0"/>
						<line number="145" hits="0"/>
					</lines>
				</class>
			</classes>
		</package>
	</packages>
</coverage>
